running develop
running egg_info
writing ../../../../../build/examples_rclpy_minimal_action_client/examples_rclpy_minimal_action_client.egg-info/PKG-INFO
writing dependency_links to ../../../../../build/examples_rclpy_minimal_action_client/examples_rclpy_minimal_action_client.egg-info/dependency_links.txt
writing entry points to ../../../../../build/examples_rclpy_minimal_action_client/examples_rclpy_minimal_action_client.egg-info/entry_points.txt
writing requirements to ../../../../../build/examples_rclpy_minimal_action_client/examples_rclpy_minimal_action_client.egg-info/requires.txt
writing top-level names to ../../../../../build/examples_rclpy_minimal_action_client/examples_rclpy_minimal_action_client.egg-info/top_level.txt
reading manifest file '../../../../../build/examples_rclpy_minimal_action_client/examples_rclpy_minimal_action_client.egg-info/SOURCES.txt'
writing manifest file '../../../../../build/examples_rclpy_minimal_action_client/examples_rclpy_minimal_action_client.egg-info/SOURCES.txt'
running build
running build_py
creating /home/ubuntu/.2023WaterCode.readonly/fishROS_ws/build/examples_rclpy_minimal_action_client/build
creating /home/ubuntu/.2023WaterCode.readonly/fishROS_ws/build/examples_rclpy_minimal_action_client/build/lib
creating /home/ubuntu/.2023WaterCode.readonly/fishROS_ws/build/examples_rclpy_minimal_action_client/build/lib/examples_rclpy_minimal_action_client
copying examples_rclpy_minimal_action_client/client.py -> /home/ubuntu/.2023WaterCode.readonly/fishROS_ws/build/examples_rclpy_minimal_action_client/build/lib/examples_rclpy_minimal_action_client
copying examples_rclpy_minimal_action_client/client_cancel.py -> /home/ubuntu/.2023WaterCode.readonly/fishROS_ws/build/examples_rclpy_minimal_action_client/build/lib/examples_rclpy_minimal_action_client
copying examples_rclpy_minimal_action_client/client_not_composable.py -> /home/ubuntu/.2023WaterCode.readonly/fishROS_ws/build/examples_rclpy_minimal_action_client/build/lib/examples_rclpy_minimal_action_client
copying examples_rclpy_minimal_action_client/client_asyncio.py -> /home/ubuntu/.2023WaterCode.readonly/fishROS_ws/build/examples_rclpy_minimal_action_client/build/lib/examples_rclpy_minimal_action_client
copying examples_rclpy_minimal_action_client/__init__.py -> /home/ubuntu/.2023WaterCode.readonly/fishROS_ws/build/examples_rclpy_minimal_action_client/build/lib/examples_rclpy_minimal_action_client
running install
running install_lib
creating /home/ubuntu/.2023WaterCode.readonly/fishROS_ws/install/examples_rclpy_minimal_action_client/lib/python3.10/site-packages/examples_rclpy_minimal_action_client
copying /home/ubuntu/.2023WaterCode.readonly/fishROS_ws/build/examples_rclpy_minimal_action_client/build/lib/examples_rclpy_minimal_action_client/client.py -> /home/ubuntu/.2023WaterCode.readonly/fishROS_ws/install/examples_rclpy_minimal_action_client/lib/python3.10/site-packages/examples_rclpy_minimal_action_client
copying /home/ubuntu/.2023WaterCode.readonly/fishROS_ws/build/examples_rclpy_minimal_action_client/build/lib/examples_rclpy_minimal_action_client/client_cancel.py -> /home/ubuntu/.2023WaterCode.readonly/fishROS_ws/install/examples_rclpy_minimal_action_client/lib/python3.10/site-packages/examples_rclpy_minimal_action_client
copying /home/ubuntu/.2023WaterCode.readonly/fishROS_ws/build/examples_rclpy_minimal_action_client/build/lib/examples_rclpy_minimal_action_client/client_not_composable.py -> /home/ubuntu/.2023WaterCode.readonly/fishROS_ws/install/examples_rclpy_minimal_action_client/lib/python3.10/site-packages/examples_rclpy_minimal_action_client
copying /home/ubuntu/.2023WaterCode.readonly/fishROS_ws/build/examples_rclpy_minimal_action_client/build/lib/examples_rclpy_minimal_action_client/client_asyncio.py -> /home/ubuntu/.2023WaterCode.readonly/fishROS_ws/install/examples_rclpy_minimal_action_client/lib/python3.10/site-packages/examples_rclpy_minimal_action_client
copying /home/ubuntu/.2023WaterCode.readonly/fishROS_ws/build/examples_rclpy_minimal_action_client/build/lib/examples_rclpy_minimal_action_client/__init__.py -> /home/ubuntu/.2023WaterCode.readonly/fishROS_ws/install/examples_rclpy_minimal_action_client/lib/python3.10/site-packages/examples_rclpy_minimal_action_client
byte-compiling /home/ubuntu/.2023WaterCode.readonly/fishROS_ws/install/examples_rclpy_minimal_action_client/lib/python3.10/site-packages/examples_rclpy_minimal_action_client/client.py to client.cpython-310.pyc
byte-compiling /home/ubuntu/.2023WaterCode.readonly/fishROS_ws/install/examples_rclpy_minimal_action_client/lib/python3.10/site-packages/examples_rclpy_minimal_action_client/client_cancel.py to client_cancel.cpython-310.pyc
byte-compiling /home/ubuntu/.2023WaterCode.readonly/fishROS_ws/install/examples_rclpy_minimal_action_client/lib/python3.10/site-packages/examples_rclpy_minimal_action_client/client_not_composable.py to client_not_composable.cpython-310.pyc
byte-compiling /home/ubuntu/.2023WaterCode.readonly/fishROS_ws/install/examples_rclpy_minimal_action_client/lib/python3.10/site-packages/examples_rclpy_minimal_action_client/client_asyncio.py to client_asyncio.cpython-310.pyc
byte-compiling /home/ubuntu/.2023WaterCode.readonly/fishROS_ws/install/examples_rclpy_minimal_action_client/lib/python3.10/site-packages/examples_rclpy_minimal_action_client/__init__.py to __init__.cpython-310.pyc
running install_data
running install_egg_info
Copying ../../../../../build/examples_rclpy_minimal_action_client/examples_rclpy_minimal_action_client.egg-info to /home/ubuntu/.2023WaterCode.readonly/fishROS_ws/install/examples_rclpy_minimal_action_client/lib/python3.10/site-packages/examples_rclpy_minimal_action_client-0.15.1-py3.10.egg-info
running install_scripts
Installing client script to /home/ubuntu/.2023WaterCode.readonly/fishROS_ws/install/examples_rclpy_minimal_action_client/lib/examples_rclpy_minimal_action_client
Installing client_asyncio script to /home/ubuntu/.2023WaterCode.readonly/fishROS_ws/install/examples_rclpy_minimal_action_client/lib/examples_rclpy_minimal_action_client
Installing client_cancel script to /home/ubuntu/.2023WaterCode.readonly/fishROS_ws/install/examples_rclpy_minimal_action_client/lib/examples_rclpy_minimal_action_client
Installing client_not_composable script to /home/ubuntu/.2023WaterCode.readonly/fishROS_ws/install/examples_rclpy_minimal_action_client/lib/examples_rclpy_minimal_action_client
writing list of installed files to '/home/ubuntu/.2023WaterCode.readonly/fishROS_ws/build/examples_rclpy_minimal_action_client/install.log'
