[0.404s] Invoking command in '/home/ubuntu/.2023WaterCode.readonly/fishROS_ws/build/examples_rclpy_minimal_action_client': PYTHONPATH=/home/ubuntu/.2023WaterCode.readonly/fishROS_ws/build/examples_rclpy_minimal_action_client/prefix_override:/home/ubuntu/.2023WaterCode.readonly/fishROS_ws/install/examples_rclpy_minimal_action_client/lib/python3.10/site-packages:${PYTHONPATH} /usr/bin/python3 setup.py develop --uninstall --editable --build-directory /home/ubuntu/.2023WaterCode.readonly/fishROS_ws/build/examples_rclpy_minimal_action_client/build
[0.567s] running develop
[0.656s] Removing /home/ubuntu/.2023WaterCode.readonly/fishROS_ws/install/examples_rclpy_minimal_action_client/lib/python3.10/site-packages/examples-rclpy-minimal-action-client.egg-link (link to .)
[0.680s] Invoked command in '/home/ubuntu/.2023WaterCode.readonly/fishROS_ws/build/examples_rclpy_minimal_action_client' returned '0': PYTHONPATH=/home/ubuntu/.2023WaterCode.readonly/fishROS_ws/build/examples_rclpy_minimal_action_client/prefix_override:/home/ubuntu/.2023WaterCode.readonly/fishROS_ws/install/examples_rclpy_minimal_action_client/lib/python3.10/site-packages:${PYTHONPATH} /usr/bin/python3 setup.py develop --uninstall --editable --build-directory /home/ubuntu/.2023WaterCode.readonly/fishROS_ws/build/examples_rclpy_minimal_action_client/build
[0.681s] Invoking command in '/home/ubuntu/.2023WaterCode.readonly/fishROS_ws/src/examples/rclpy/actions/minimal_action_client': PYTHONPATH=/home/ubuntu/.2023WaterCode.readonly/fishROS_ws/build/examples_rclpy_minimal_action_client/prefix_override:/home/ubuntu/.2023WaterCode.readonly/fishROS_ws/install/examples_rclpy_minimal_action_client/lib/python3.10/site-packages:${PYTHONPATH} /usr/bin/python3 setup.py egg_info --egg-base ../../../../../build/examples_rclpy_minimal_action_client build --build-base /home/ubuntu/.2023WaterCode.readonly/fishROS_ws/build/examples_rclpy_minimal_action_client/build install --record /home/ubuntu/.2023WaterCode.readonly/fishROS_ws/build/examples_rclpy_minimal_action_client/install.log --single-version-externally-managed
[0.830s] running egg_info
[0.830s] writing ../../../../../build/examples_rclpy_minimal_action_client/examples_rclpy_minimal_action_client.egg-info/PKG-INFO
[0.831s] writing dependency_links to ../../../../../build/examples_rclpy_minimal_action_client/examples_rclpy_minimal_action_client.egg-info/dependency_links.txt
[0.831s] writing entry points to ../../../../../build/examples_rclpy_minimal_action_client/examples_rclpy_minimal_action_client.egg-info/entry_points.txt
[0.831s] writing requirements to ../../../../../build/examples_rclpy_minimal_action_client/examples_rclpy_minimal_action_client.egg-info/requires.txt
[0.831s] writing top-level names to ../../../../../build/examples_rclpy_minimal_action_client/examples_rclpy_minimal_action_client.egg-info/top_level.txt
[0.832s] reading manifest file '../../../../../build/examples_rclpy_minimal_action_client/examples_rclpy_minimal_action_client.egg-info/SOURCES.txt'
[0.833s] writing manifest file '../../../../../build/examples_rclpy_minimal_action_client/examples_rclpy_minimal_action_client.egg-info/SOURCES.txt'
[0.833s] running build
[0.833s] running build_py
[0.833s] running install
[0.833s] running install_lib
[0.834s] creating /home/ubuntu/.2023WaterCode.readonly/fishROS_ws/install/examples_rclpy_minimal_action_client/lib/python3.10/site-packages/examples_rclpy_minimal_action_client
[0.834s] copying /home/ubuntu/.2023WaterCode.readonly/fishROS_ws/build/examples_rclpy_minimal_action_client/build/lib/examples_rclpy_minimal_action_client/client.py -> /home/ubuntu/.2023WaterCode.readonly/fishROS_ws/install/examples_rclpy_minimal_action_client/lib/python3.10/site-packages/examples_rclpy_minimal_action_client
[0.834s] copying /home/ubuntu/.2023WaterCode.readonly/fishROS_ws/build/examples_rclpy_minimal_action_client/build/lib/examples_rclpy_minimal_action_client/client_cancel.py -> /home/ubuntu/.2023WaterCode.readonly/fishROS_ws/install/examples_rclpy_minimal_action_client/lib/python3.10/site-packages/examples_rclpy_minimal_action_client
[0.834s] copying /home/ubuntu/.2023WaterCode.readonly/fishROS_ws/build/examples_rclpy_minimal_action_client/build/lib/examples_rclpy_minimal_action_client/client_not_composable.py -> /home/ubuntu/.2023WaterCode.readonly/fishROS_ws/install/examples_rclpy_minimal_action_client/lib/python3.10/site-packages/examples_rclpy_minimal_action_client
[0.834s] copying /home/ubuntu/.2023WaterCode.readonly/fishROS_ws/build/examples_rclpy_minimal_action_client/build/lib/examples_rclpy_minimal_action_client/client_asyncio.py -> /home/ubuntu/.2023WaterCode.readonly/fishROS_ws/install/examples_rclpy_minimal_action_client/lib/python3.10/site-packages/examples_rclpy_minimal_action_client
[0.834s] copying /home/ubuntu/.2023WaterCode.readonly/fishROS_ws/build/examples_rclpy_minimal_action_client/build/lib/examples_rclpy_minimal_action_client/__init__.py -> /home/ubuntu/.2023WaterCode.readonly/fishROS_ws/install/examples_rclpy_minimal_action_client/lib/python3.10/site-packages/examples_rclpy_minimal_action_client
[0.834s] byte-compiling /home/ubuntu/.2023WaterCode.readonly/fishROS_ws/install/examples_rclpy_minimal_action_client/lib/python3.10/site-packages/examples_rclpy_minimal_action_client/client.py to client.cpython-310.pyc
[0.834s] byte-compiling /home/ubuntu/.2023WaterCode.readonly/fishROS_ws/install/examples_rclpy_minimal_action_client/lib/python3.10/site-packages/examples_rclpy_minimal_action_client/client_cancel.py to client_cancel.cpython-310.pyc
[0.835s] byte-compiling /home/ubuntu/.2023WaterCode.readonly/fishROS_ws/install/examples_rclpy_minimal_action_client/lib/python3.10/site-packages/examples_rclpy_minimal_action_client/client_not_composable.py to client_not_composable.cpython-310.pyc
[0.835s] byte-compiling /home/ubuntu/.2023WaterCode.readonly/fishROS_ws/install/examples_rclpy_minimal_action_client/lib/python3.10/site-packages/examples_rclpy_minimal_action_client/client_asyncio.py to client_asyncio.cpython-310.pyc
[0.835s] byte-compiling /home/ubuntu/.2023WaterCode.readonly/fishROS_ws/install/examples_rclpy_minimal_action_client/lib/python3.10/site-packages/examples_rclpy_minimal_action_client/__init__.py to __init__.cpython-310.pyc
[0.835s] running install_data
[0.836s] running install_egg_info
[0.837s] Copying ../../../../../build/examples_rclpy_minimal_action_client/examples_rclpy_minimal_action_client.egg-info to /home/ubuntu/.2023WaterCode.readonly/fishROS_ws/install/examples_rclpy_minimal_action_client/lib/python3.10/site-packages/examples_rclpy_minimal_action_client-0.15.1-py3.10.egg-info
[0.837s] running install_scripts
[0.850s] Installing client script to /home/ubuntu/.2023WaterCode.readonly/fishROS_ws/install/examples_rclpy_minimal_action_client/lib/examples_rclpy_minimal_action_client
[0.850s] Installing client_asyncio script to /home/ubuntu/.2023WaterCode.readonly/fishROS_ws/install/examples_rclpy_minimal_action_client/lib/examples_rclpy_minimal_action_client
[0.850s] Installing client_cancel script to /home/ubuntu/.2023WaterCode.readonly/fishROS_ws/install/examples_rclpy_minimal_action_client/lib/examples_rclpy_minimal_action_client
[0.850s] Installing client_not_composable script to /home/ubuntu/.2023WaterCode.readonly/fishROS_ws/install/examples_rclpy_minimal_action_client/lib/examples_rclpy_minimal_action_client
[0.850s] writing list of installed files to '/home/ubuntu/.2023WaterCode.readonly/fishROS_ws/build/examples_rclpy_minimal_action_client/install.log'
[0.879s] Invoked command in '/home/ubuntu/.2023WaterCode.readonly/fishROS_ws/src/examples/rclpy/actions/minimal_action_client' returned '0': PYTHONPATH=/home/ubuntu/.2023WaterCode.readonly/fishROS_ws/build/examples_rclpy_minimal_action_client/prefix_override:/home/ubuntu/.2023WaterCode.readonly/fishROS_ws/install/examples_rclpy_minimal_action_client/lib/python3.10/site-packages:${PYTHONPATH} /usr/bin/python3 setup.py egg_info --egg-base ../../../../../build/examples_rclpy_minimal_action_client build --build-base /home/ubuntu/.2023WaterCode.readonly/fishROS_ws/build/examples_rclpy_minimal_action_client/build install --record /home/ubuntu/.2023WaterCode.readonly/fishROS_ws/build/examples_rclpy_minimal_action_client/install.log --single-version-externally-managed
