[0.116s] Invoking command in '/home/ubuntu/.2023WaterCode.readonly/fishROS_ws/build/examples_rclcpp_minimal_publisher': CMAKE_PREFIX_PATH=/opt/ros/humble /usr/bin/cmake /home/ubuntu/.2023WaterCode.readonly/fishROS_ws/src/examples/rclcpp/topics/minimal_publisher -DAMENT_CMAKE_SYMLINK_INSTALL=1 -DCMAKE_INSTALL_PREFIX=/home/ubuntu/.2023WaterCode.readonly/fishROS_ws/install/examples_rclcpp_minimal_publisher
[3.148s] -- The C compiler identification is GNU 11.4.0
[3.148s] -- The CXX compiler identification is GNU 11.4.0
[3.149s] -- Detecting C compiler ABI info
[3.149s] -- Detecting C compiler ABI info - done
[3.149s] -- Check for working C compiler: /usr/bin/cc - skipped
[3.150s] -- Detecting C compile features
[3.150s] -- Detecting C compile features - done
[3.150s] -- Detecting CXX compiler ABI info
[3.150s] -- Detecting CXX compiler ABI info - done
[3.150s] -- Check for working CXX compiler: /usr/bin/c++ - skipped
[3.150s] -- Detecting CXX compile features
[3.151s] -- Detecting CXX compile features - done
[3.151s] -- Found ament_cmake: 1.3.5 (/opt/ros/humble/share/ament_cmake/cmake)
[3.151s] -- Found Python3: /usr/bin/python3.10 (found version "3.10.12") found components: Interpreter 
[3.151s] -- Override CMake install command with custom implementation using symlinks instead of copying resources
[3.151s] -- Found rclcpp: 16.0.5 (/opt/ros/humble/share/rclcpp/cmake)
[3.151s] -- Found rosidl_generator_c: 3.1.5 (/opt/ros/humble/share/rosidl_generator_c/cmake)
[3.151s] -- Found rosidl_adapter: 3.1.5 (/opt/ros/humble/share/rosidl_adapter/cmake)
[3.151s] -- Found rosidl_generator_cpp: 3.1.5 (/opt/ros/humble/share/rosidl_generator_cpp/cmake)
[3.151s] -- Using all available rosidl_typesupport_c: rosidl_typesupport_fastrtps_c;rosidl_typesupport_introspection_c
[3.151s] -- Using all available rosidl_typesupport_cpp: rosidl_typesupport_fastrtps_cpp;rosidl_typesupport_introspection_cpp
[3.151s] -- Found rmw_implementation_cmake: 6.1.1 (/opt/ros/humble/share/rmw_implementation_cmake/cmake)
[3.151s] -- Found rmw_fastrtps_cpp: 6.2.3 (/opt/ros/humble/share/rmw_fastrtps_cpp/cmake)
[3.151s] -- Found OpenSSL: /usr/lib/x86_64-linux-gnu/libcrypto.so (found version "3.0.2")  
[3.151s] -- Found FastRTPS: /opt/ros/humble/include  
[3.151s] -- Using RMW implementation 'rmw_fastrtps_cpp' as default
[3.152s] -- Looking for pthread.h
[3.152s] -- Looking for pthread.h - found
[3.152s] -- Performing Test CMAKE_HAVE_LIBC_PTHREAD
[3.152s] -- Performing Test CMAKE_HAVE_LIBC_PTHREAD - Success
[3.152s] -- Found Threads: TRUE  
[3.152s] -- Found ament_lint_auto: 0.12.7 (/opt/ros/humble/share/ament_lint_auto/cmake)
[3.152s] -- Added test 'copyright' to check source files copyright and LICENSE
[3.152s] -- Added test 'cppcheck' to perform static code analysis on C / C++ code
[3.152s] -- Configured cppcheck include dirs: 
[3.152s] -- Configured cppcheck exclude dirs and/or files: 
[3.152s] -- Added test 'cpplint' to check C / C++ code against the Google style
[3.152s] -- Configured cpplint exclude dirs and/or files: 
[3.152s] -- Added test 'lint_cmake' to check CMake code style
[3.152s] -- Added test 'uncrustify' to check C / C++ code style
[3.153s] -- Configured uncrustify additional arguments: 
[3.153s] -- Added test 'xmllint' to check XML markup files
[3.153s] -- Configuring done
[3.153s] -- Generating done
[3.153s] -- Build files have been written to: /home/ubuntu/.2023WaterCode.readonly/fishROS_ws/build/examples_rclcpp_minimal_publisher
[3.171s] Invoked command in '/home/ubuntu/.2023WaterCode.readonly/fishROS_ws/build/examples_rclcpp_minimal_publisher' returned '0': CMAKE_PREFIX_PATH=/opt/ros/humble /usr/bin/cmake /home/ubuntu/.2023WaterCode.readonly/fishROS_ws/src/examples/rclcpp/topics/minimal_publisher -DAMENT_CMAKE_SYMLINK_INSTALL=1 -DCMAKE_INSTALL_PREFIX=/home/ubuntu/.2023WaterCode.readonly/fishROS_ws/install/examples_rclcpp_minimal_publisher
[3.171s] Invoking command in '/home/ubuntu/.2023WaterCode.readonly/fishROS_ws/build/examples_rclcpp_minimal_publisher': CMAKE_PREFIX_PATH=/opt/ros/humble /usr/bin/cmake --build /home/ubuntu/.2023WaterCode.readonly/fishROS_ws/build/examples_rclcpp_minimal_publisher -- -j20 -l20
[3.253s] [ 16%] [32mBuilding CXX object CMakeFiles/publisher_not_composable.dir/not_composable.cpp.o[0m
[3.254s] [ 16%] [32mBuilding CXX object CMakeFiles/publisher_lambda.dir/lambda.cpp.o[0m
[3.254s] [ 25%] [32mBuilding CXX object CMakeFiles/publisher_member_function_with_unique_network_flow_endpoints.dir/member_function_with_unique_network_flow_endpoints.cpp.o[0m
[3.257s] [ 33%] [32mBuilding CXX object CMakeFiles/publisher_wait_for_all_acked.dir/member_function_with_wait_for_all_acked.cpp.o[0m
[3.274s] [ 41%] [32mBuilding CXX object CMakeFiles/publisher_member_function.dir/member_function.cpp.o[0m
[3.274s] [ 50%] [32mBuilding CXX object CMakeFiles/publisher_member_function_with_type_adapter.dir/member_function_with_type_adapter.cpp.o[0m
