[22.092s] Invoking command in '/home/ubuntu/.2023WaterCode.readonly/fishROS_ws/build/examples_rclpy_executors': PYTHONPATH=/home/ubuntu/.2023WaterCode.readonly/fishROS_ws/build/examples_rclpy_executors/prefix_override:/home/ubuntu/.2023WaterCode.readonly/fishROS_ws/install/examples_rclpy_executors/lib/python3.10/site-packages: /usr/bin/python3 setup.py develop --uninstall --editable --build-directory /home/ubuntu/.2023WaterCode.readonly/fishROS_ws/build/examples_rclpy_executors/build
[55.834s] running develop
[79.651s] Invoked command in '/home/ubuntu/.2023WaterCode.readonly/fishROS_ws/build/examples_rclpy_executors' returned '0': PYTHONPATH=/home/ubuntu/.2023WaterCode.readonly/fishROS_ws/build/examples_rclpy_executors/prefix_override:/home/ubuntu/.2023WaterCode.readonly/fishROS_ws/install/examples_rclpy_executors/lib/python3.10/site-packages: /usr/bin/python3 setup.py develop --uninstall --editable --build-directory /home/ubuntu/.2023WaterCode.readonly/fishROS_ws/build/examples_rclpy_executors/build
[79.665s] Invoking command in '/home/ubuntu/.2023WaterCode.readonly/fishROS_ws/src/examples/rclpy/executors': PYTHONPATH=/home/ubuntu/.2023WaterCode.readonly/fishROS_ws/build/examples_rclpy_executors/prefix_override:/home/ubuntu/.2023WaterCode.readonly/fishROS_ws/install/examples_rclpy_executors/lib/python3.10/site-packages: /usr/bin/python3 setup.py egg_info --egg-base ../../../../build/examples_rclpy_executors build --build-base /home/ubuntu/.2023WaterCode.readonly/fishROS_ws/build/examples_rclpy_executors/build install --record /home/ubuntu/.2023WaterCode.readonly/fishROS_ws/build/examples_rclpy_executors/install.log --single-version-externally-managed
[82.381s] running egg_info
[82.382s] writing ../../../../build/examples_rclpy_executors/examples_rclpy_executors.egg-info/PKG-INFO
[82.382s] writing dependency_links to ../../../../build/examples_rclpy_executors/examples_rclpy_executors.egg-info/dependency_links.txt
[82.382s] writing entry points to ../../../../build/examples_rclpy_executors/examples_rclpy_executors.egg-info/entry_points.txt
[82.383s] writing requirements to ../../../../build/examples_rclpy_executors/examples_rclpy_executors.egg-info/requires.txt
[82.383s] writing top-level names to ../../../../build/examples_rclpy_executors/examples_rclpy_executors.egg-info/top_level.txt
[82.383s] reading manifest file '../../../../build/examples_rclpy_executors/examples_rclpy_executors.egg-info/SOURCES.txt'
[82.383s] writing manifest file '../../../../build/examples_rclpy_executors/examples_rclpy_executors.egg-info/SOURCES.txt'
[82.383s] running build
[82.384s] running build_py
[82.384s] creating /home/ubuntu/.2023WaterCode.readonly/fishROS_ws/build/examples_rclpy_executors/build
[82.384s] creating /home/ubuntu/.2023WaterCode.readonly/fishROS_ws/build/examples_rclpy_executors/build/lib
[82.384s] creating /home/ubuntu/.2023WaterCode.readonly/fishROS_ws/build/examples_rclpy_executors/build/lib/examples_rclpy_executors
[82.384s] copying examples_rclpy_executors/composed.py -> /home/ubuntu/.2023WaterCode.readonly/fishROS_ws/build/examples_rclpy_executors/build/lib/examples_rclpy_executors
[82.385s] copying examples_rclpy_executors/talker.py -> /home/ubuntu/.2023WaterCode.readonly/fishROS_ws/build/examples_rclpy_executors/build/lib/examples_rclpy_executors
[82.385s] copying examples_rclpy_executors/listener.py -> /home/ubuntu/.2023WaterCode.readonly/fishROS_ws/build/examples_rclpy_executors/build/lib/examples_rclpy_executors
[82.385s] copying examples_rclpy_executors/custom_executor.py -> /home/ubuntu/.2023WaterCode.readonly/fishROS_ws/build/examples_rclpy_executors/build/lib/examples_rclpy_executors
[82.385s] copying examples_rclpy_executors/callback_group.py -> /home/ubuntu/.2023WaterCode.readonly/fishROS_ws/build/examples_rclpy_executors/build/lib/examples_rclpy_executors
[82.385s] copying examples_rclpy_executors/custom_callback_group.py -> /home/ubuntu/.2023WaterCode.readonly/fishROS_ws/build/examples_rclpy_executors/build/lib/examples_rclpy_executors
[82.385s] copying examples_rclpy_executors/__init__.py -> /home/ubuntu/.2023WaterCode.readonly/fishROS_ws/build/examples_rclpy_executors/build/lib/examples_rclpy_executors
[82.386s] running install
[82.386s] running install_lib
[82.386s] creating /home/ubuntu/.2023WaterCode.readonly/fishROS_ws/install/examples_rclpy_executors/lib/python3.10/site-packages/examples_rclpy_executors
[82.386s] copying /home/ubuntu/.2023WaterCode.readonly/fishROS_ws/build/examples_rclpy_executors/build/lib/examples_rclpy_executors/composed.py -> /home/ubuntu/.2023WaterCode.readonly/fishROS_ws/install/examples_rclpy_executors/lib/python3.10/site-packages/examples_rclpy_executors
[82.386s] copying /home/ubuntu/.2023WaterCode.readonly/fishROS_ws/build/examples_rclpy_executors/build/lib/examples_rclpy_executors/talker.py -> /home/ubuntu/.2023WaterCode.readonly/fishROS_ws/install/examples_rclpy_executors/lib/python3.10/site-packages/examples_rclpy_executors
[82.386s] copying /home/ubuntu/.2023WaterCode.readonly/fishROS_ws/build/examples_rclpy_executors/build/lib/examples_rclpy_executors/listener.py -> /home/ubuntu/.2023WaterCode.readonly/fishROS_ws/install/examples_rclpy_executors/lib/python3.10/site-packages/examples_rclpy_executors
[82.387s] copying /home/ubuntu/.2023WaterCode.readonly/fishROS_ws/build/examples_rclpy_executors/build/lib/examples_rclpy_executors/custom_executor.py -> /home/ubuntu/.2023WaterCode.readonly/fishROS_ws/install/examples_rclpy_executors/lib/python3.10/site-packages/examples_rclpy_executors
[82.387s] copying /home/ubuntu/.2023WaterCode.readonly/fishROS_ws/build/examples_rclpy_executors/build/lib/examples_rclpy_executors/callback_group.py -> /home/ubuntu/.2023WaterCode.readonly/fishROS_ws/install/examples_rclpy_executors/lib/python3.10/site-packages/examples_rclpy_executors
[82.387s] copying /home/ubuntu/.2023WaterCode.readonly/fishROS_ws/build/examples_rclpy_executors/build/lib/examples_rclpy_executors/custom_callback_group.py -> /home/ubuntu/.2023WaterCode.readonly/fishROS_ws/install/examples_rclpy_executors/lib/python3.10/site-packages/examples_rclpy_executors
[82.387s] copying /home/ubuntu/.2023WaterCode.readonly/fishROS_ws/build/examples_rclpy_executors/build/lib/examples_rclpy_executors/__init__.py -> /home/ubuntu/.2023WaterCode.readonly/fishROS_ws/install/examples_rclpy_executors/lib/python3.10/site-packages/examples_rclpy_executors
[82.387s] byte-compiling /home/ubuntu/.2023WaterCode.readonly/fishROS_ws/install/examples_rclpy_executors/lib/python3.10/site-packages/examples_rclpy_executors/composed.py to composed.cpython-310.pyc
[82.388s] byte-compiling /home/ubuntu/.2023WaterCode.readonly/fishROS_ws/install/examples_rclpy_executors/lib/python3.10/site-packages/examples_rclpy_executors/talker.py to talker.cpython-310.pyc
[82.388s] byte-compiling /home/ubuntu/.2023WaterCode.readonly/fishROS_ws/install/examples_rclpy_executors/lib/python3.10/site-packages/examples_rclpy_executors/listener.py to listener.cpython-310.pyc
[82.388s] byte-compiling /home/ubuntu/.2023WaterCode.readonly/fishROS_ws/install/examples_rclpy_executors/lib/python3.10/site-packages/examples_rclpy_executors/custom_executor.py to custom_executor.cpython-310.pyc
[82.388s] byte-compiling /home/ubuntu/.2023WaterCode.readonly/fishROS_ws/install/examples_rclpy_executors/lib/python3.10/site-packages/examples_rclpy_executors/callback_group.py to callback_group.cpython-310.pyc
[82.388s] byte-compiling /home/ubuntu/.2023WaterCode.readonly/fishROS_ws/install/examples_rclpy_executors/lib/python3.10/site-packages/examples_rclpy_executors/custom_callback_group.py to custom_callback_group.cpython-310.pyc
[82.389s] byte-compiling /home/ubuntu/.2023WaterCode.readonly/fishROS_ws/install/examples_rclpy_executors/lib/python3.10/site-packages/examples_rclpy_executors/__init__.py to __init__.cpython-310.pyc
[82.389s] running install_data
[82.389s] running install_egg_info
[82.389s] Copying ../../../../build/examples_rclpy_executors/examples_rclpy_executors.egg-info to /home/ubuntu/.2023WaterCode.readonly/fishROS_ws/install/examples_rclpy_executors/lib/python3.10/site-packages/examples_rclpy_executors-0.15.1-py3.10.egg-info
[82.389s] running install_scripts
[82.390s] Installing callback_group script to /home/ubuntu/.2023WaterCode.readonly/fishROS_ws/install/examples_rclpy_executors/lib/examples_rclpy_executors
[82.390s] Installing composed script to /home/ubuntu/.2023WaterCode.readonly/fishROS_ws/install/examples_rclpy_executors/lib/examples_rclpy_executors
[82.390s] Installing custom_callback_group script to /home/ubuntu/.2023WaterCode.readonly/fishROS_ws/install/examples_rclpy_executors/lib/examples_rclpy_executors
[82.390s] Installing custom_executor script to /home/ubuntu/.2023WaterCode.readonly/fishROS_ws/install/examples_rclpy_executors/lib/examples_rclpy_executors
[82.390s] Installing listener script to /home/ubuntu/.2023WaterCode.readonly/fishROS_ws/install/examples_rclpy_executors/lib/examples_rclpy_executors
[82.390s] Installing talker script to /home/ubuntu/.2023WaterCode.readonly/fishROS_ws/install/examples_rclpy_executors/lib/examples_rclpy_executors
[82.391s] writing list of installed files to '/home/ubuntu/.2023WaterCode.readonly/fishROS_ws/build/examples_rclpy_executors/install.log'
[82.545s] Invoked command in '/home/ubuntu/.2023WaterCode.readonly/fishROS_ws/src/examples/rclpy/executors' returned '0': PYTHONPATH=/home/ubuntu/.2023WaterCode.readonly/fishROS_ws/build/examples_rclpy_executors/prefix_override:/home/ubuntu/.2023WaterCode.readonly/fishROS_ws/install/examples_rclpy_executors/lib/python3.10/site-packages: /usr/bin/python3 setup.py egg_info --egg-base ../../../../build/examples_rclpy_executors build --build-base /home/ubuntu/.2023WaterCode.readonly/fishROS_ws/build/examples_rclpy_executors/build install --record /home/ubuntu/.2023WaterCode.readonly/fishROS_ws/build/examples_rclpy_executors/install.log --single-version-externally-managed
