[0.014s] Invoking command in '/home/ubuntu/.2023WaterCode.readonly/fishROS_ws/build/examples_rclcpp_async_client': /usr/bin/cmake /home/ubuntu/.2023WaterCode.readonly/fishROS_ws/src/examples/rclcpp/services/async_client -DAMENT_CMAKE_SYMLINK_INSTALL=1 -DCMAKE_INSTALL_PREFIX=/home/ubuntu/.2023WaterCode.readonly/fishROS_ws/install/examples_rclcpp_async_client
[0.026s] -- Found ament_cmake: 1.3.5 (/opt/ros/humble/share/ament_cmake/cmake)
[0.144s] Traceback (most recent call last):
[0.144s]   File "/opt/ros/humble/share/ament_cmake_core/cmake/package_templates/templates_2_cmake.py", line 21, in <module>
[0.144s]     from ament_package.templates import get_environment_hook_template_path
[0.144s] ModuleNotFoundError: No module named 'ament_package'
[0.149s] [31mCMake Error at /opt/ros/humble/share/ament_cmake_core/cmake/ament_cmake_package_templates-extras.cmake:41 (message):
[0.149s]   execute_process(/usr/bin/python3.10
[0.149s]   /opt/ros/humble/share/ament_cmake_core/cmake/package_templates/templates_2_cmake.py
[0.149s]   /home/ubuntu/.2023WaterCode.readonly/fishROS_ws/build/examples_rclcpp_async_client/ament_cmake_package_templates/templates.cmake)
[0.149s]   returned error code 1
[0.149s] Call Stack (most recent call first):
[0.149s]   /opt/ros/humble/share/ament_cmake_core/cmake/ament_cmake_coreConfig.cmake:41 (include)
[0.150s]   /opt/ros/humble/share/ament_cmake/cmake/ament_cmake_export_dependencies-extras.cmake:15 (find_package)
[0.150s]   /opt/ros/humble/share/ament_cmake/cmake/ament_cmakeConfig.cmake:41 (include)
[0.150s]   CMakeLists.txt:13 (find_package)
[0.150s] 
[0.150s] [0m
[0.150s] -- Configuring incomplete, errors occurred!
[0.150s] See also "/home/ubuntu/.2023WaterCode.readonly/fishROS_ws/build/examples_rclcpp_async_client/CMakeFiles/CMakeOutput.log".
[0.154s] Invoked command in '/home/ubuntu/.2023WaterCode.readonly/fishROS_ws/build/examples_rclcpp_async_client' returned '1': /usr/bin/cmake /home/ubuntu/.2023WaterCode.readonly/fishROS_ws/src/examples/rclcpp/services/async_client -DAMENT_CMAKE_SYMLINK_INSTALL=1 -DCMAKE_INSTALL_PREFIX=/home/ubuntu/.2023WaterCode.readonly/fishROS_ws/install/examples_rclcpp_async_client
