[0.438s] Invoking command in '/home/ubuntu/.2023WaterCode.readonly/fishROS_ws/src/my_python_package': PYTHONPATH=/home/ubuntu/.2023WaterCode.readonly/fishROS_ws/build/my_python_package/prefix_override:/home/ubuntu/.2023WaterCode.readonly/fishROS_ws/install/my_python_package/lib/python3.10/site-packages:${PYTHONPATH} /usr/bin/python3 setup.py egg_info --egg-base ../../build/my_python_package build --build-base /home/ubuntu/.2023WaterCode.readonly/fishROS_ws/build/my_python_package/build install --record /home/ubuntu/.2023WaterCode.readonly/fishROS_ws/build/my_python_package/install.log --single-version-externally-managed
[0.584s] running egg_info
[0.584s] creating ../../build/my_python_package/my_python_package.egg-info
[0.584s] writing ../../build/my_python_package/my_python_package.egg-info/PKG-INFO
[0.584s] writing dependency_links to ../../build/my_python_package/my_python_package.egg-info/dependency_links.txt
[0.584s] writing entry points to ../../build/my_python_package/my_python_package.egg-info/entry_points.txt
[0.584s] writing requirements to ../../build/my_python_package/my_python_package.egg-info/requires.txt
[0.584s] writing top-level names to ../../build/my_python_package/my_python_package.egg-info/top_level.txt
[0.584s] writing manifest file '../../build/my_python_package/my_python_package.egg-info/SOURCES.txt'
[0.586s] reading manifest file '../../build/my_python_package/my_python_package.egg-info/SOURCES.txt'
[0.586s] writing manifest file '../../build/my_python_package/my_python_package.egg-info/SOURCES.txt'
[0.586s] running build
[0.586s] running build_py
[0.586s] creating /home/ubuntu/.2023WaterCode.readonly/fishROS_ws/build/my_python_package/build
[0.586s] creating /home/ubuntu/.2023WaterCode.readonly/fishROS_ws/build/my_python_package/build/lib
[0.587s] creating /home/ubuntu/.2023WaterCode.readonly/fishROS_ws/build/my_python_package/build/lib/my_python_package
[0.587s] copying my_python_package/__init__.py -> /home/ubuntu/.2023WaterCode.readonly/fishROS_ws/build/my_python_package/build/lib/my_python_package
[0.587s] copying my_python_package/my_python_build_node.py -> /home/ubuntu/.2023WaterCode.readonly/fishROS_ws/build/my_python_package/build/lib/my_python_package
[0.587s] running install
[0.587s] running install_lib
[0.587s] creating /home/ubuntu/.2023WaterCode.readonly/fishROS_ws/install/my_python_package/lib/python3.10/site-packages/my_python_package
[0.587s] copying /home/ubuntu/.2023WaterCode.readonly/fishROS_ws/build/my_python_package/build/lib/my_python_package/__init__.py -> /home/ubuntu/.2023WaterCode.readonly/fishROS_ws/install/my_python_package/lib/python3.10/site-packages/my_python_package
[0.587s] copying /home/ubuntu/.2023WaterCode.readonly/fishROS_ws/build/my_python_package/build/lib/my_python_package/my_python_build_node.py -> /home/ubuntu/.2023WaterCode.readonly/fishROS_ws/install/my_python_package/lib/python3.10/site-packages/my_python_package
[0.587s] byte-compiling /home/ubuntu/.2023WaterCode.readonly/fishROS_ws/install/my_python_package/lib/python3.10/site-packages/my_python_package/__init__.py to __init__.cpython-310.pyc
[0.588s] byte-compiling /home/ubuntu/.2023WaterCode.readonly/fishROS_ws/install/my_python_package/lib/python3.10/site-packages/my_python_package/my_python_build_node.py to my_python_build_node.cpython-310.pyc
[0.588s] running install_data
[0.588s] creating /home/ubuntu/.2023WaterCode.readonly/fishROS_ws/install/my_python_package/share/ament_index
[0.588s] creating /home/ubuntu/.2023WaterCode.readonly/fishROS_ws/install/my_python_package/share/ament_index/resource_index
[0.588s] creating /home/ubuntu/.2023WaterCode.readonly/fishROS_ws/install/my_python_package/share/ament_index/resource_index/packages
[0.588s] copying resource/my_python_package -> /home/ubuntu/.2023WaterCode.readonly/fishROS_ws/install/my_python_package/share/ament_index/resource_index/packages
[0.588s] copying package.xml -> /home/ubuntu/.2023WaterCode.readonly/fishROS_ws/install/my_python_package/share/my_python_package
[0.588s] running install_egg_info
[0.589s] Copying ../../build/my_python_package/my_python_package.egg-info to /home/ubuntu/.2023WaterCode.readonly/fishROS_ws/install/my_python_package/lib/python3.10/site-packages/my_python_package-0.0.0-py3.10.egg-info
[0.590s] running install_scripts
[0.603s] Installing my_python_build_node script to /home/ubuntu/.2023WaterCode.readonly/fishROS_ws/install/my_python_package/lib/my_python_package
[0.603s] writing list of installed files to '/home/ubuntu/.2023WaterCode.readonly/fishROS_ws/build/my_python_package/install.log'
[0.621s] Invoked command in '/home/ubuntu/.2023WaterCode.readonly/fishROS_ws/src/my_python_package' returned '0': PYTHONPATH=/home/ubuntu/.2023WaterCode.readonly/fishROS_ws/build/my_python_package/prefix_override:/home/ubuntu/.2023WaterCode.readonly/fishROS_ws/install/my_python_package/lib/python3.10/site-packages:${PYTHONPATH} /usr/bin/python3 setup.py egg_info --egg-base ../../build/my_python_package build --build-base /home/ubuntu/.2023WaterCode.readonly/fishROS_ws/build/my_python_package/build install --record /home/ubuntu/.2023WaterCode.readonly/fishROS_ws/build/my_python_package/install.log --single-version-externally-managed
