[0.138s] Invoking command in '/home/ubuntu/.2023WaterCode.readonly/fishROS_ws/build/examples_rclcpp_minimal_timer': /usr/bin/cmake --build /home/ubuntu/.2023WaterCode.readonly/fishROS_ws/build/examples_rclcpp_minimal_timer -- -j20 -l20
[13.635s] [35m[1mConsolidate compiler generated dependencies of target timer_lambda[0m
[13.636s] [35m[1mConsolidate compiler generated dependencies of target timer_member_function[0m
[13.636s] [ 50%] Built target timer_member_function
[13.636s] [100%] Built target timer_lambda
[13.782s] Invoked command in '/home/ubuntu/.2023WaterCode.readonly/fishROS_ws/build/examples_rclcpp_minimal_timer' returned '0': /usr/bin/cmake --build /home/ubuntu/.2023WaterCode.readonly/fishROS_ws/build/examples_rclcpp_minimal_timer -- -j20 -l20
[14.612s] Invoking command in '/home/ubuntu/.2023WaterCode.readonly/fishROS_ws/build/examples_rclcpp_minimal_timer': /usr/bin/cmake --install /home/ubuntu/.2023WaterCode.readonly/fishROS_ws/build/examples_rclcpp_minimal_timer
[14.653s] -- Install configuration: ""
[14.660s] -- Execute custom install script
[14.669s] -- Up-to-date symlink: /home/ubuntu/.2023WaterCode.readonly/fishROS_ws/install/examples_rclcpp_minimal_timer/lib/examples_rclcpp_minimal_timer/timer_lambda
[14.670s] -- Up-to-date symlink: /home/ubuntu/.2023WaterCode.readonly/fishROS_ws/install/examples_rclcpp_minimal_timer/lib/examples_rclcpp_minimal_timer/timer_member_function
[14.671s] -- Up-to-date symlink: /home/ubuntu/.2023WaterCode.readonly/fishROS_ws/install/examples_rclcpp_minimal_timer/share/ament_index/resource_index/package_run_dependencies/examples_rclcpp_minimal_timer
[14.671s] -- Up-to-date symlink: /home/ubuntu/.2023WaterCode.readonly/fishROS_ws/install/examples_rclcpp_minimal_timer/share/ament_index/resource_index/parent_prefix_path/examples_rclcpp_minimal_timer
[14.672s] -- Up-to-date symlink: /home/ubuntu/.2023WaterCode.readonly/fishROS_ws/install/examples_rclcpp_minimal_timer/share/examples_rclcpp_minimal_timer/environment/ament_prefix_path.sh
[14.672s] -- Up-to-date symlink: /home/ubuntu/.2023WaterCode.readonly/fishROS_ws/install/examples_rclcpp_minimal_timer/share/examples_rclcpp_minimal_timer/environment/ament_prefix_path.dsv
[14.672s] -- Up-to-date symlink: /home/ubuntu/.2023WaterCode.readonly/fishROS_ws/install/examples_rclcpp_minimal_timer/share/examples_rclcpp_minimal_timer/environment/path.sh
[14.673s] -- Up-to-date symlink: /home/ubuntu/.2023WaterCode.readonly/fishROS_ws/install/examples_rclcpp_minimal_timer/share/examples_rclcpp_minimal_timer/environment/path.dsv
[14.673s] -- Up-to-date symlink: /home/ubuntu/.2023WaterCode.readonly/fishROS_ws/install/examples_rclcpp_minimal_timer/share/examples_rclcpp_minimal_timer/local_setup.bash
[14.674s] -- Up-to-date symlink: /home/ubuntu/.2023WaterCode.readonly/fishROS_ws/install/examples_rclcpp_minimal_timer/share/examples_rclcpp_minimal_timer/local_setup.sh
[14.674s] -- Up-to-date symlink: /home/ubuntu/.2023WaterCode.readonly/fishROS_ws/install/examples_rclcpp_minimal_timer/share/examples_rclcpp_minimal_timer/local_setup.zsh
[14.675s] -- Up-to-date symlink: /home/ubuntu/.2023WaterCode.readonly/fishROS_ws/install/examples_rclcpp_minimal_timer/share/examples_rclcpp_minimal_timer/local_setup.dsv
[14.675s] -- Up-to-date symlink: /home/ubuntu/.2023WaterCode.readonly/fishROS_ws/install/examples_rclcpp_minimal_timer/share/examples_rclcpp_minimal_timer/package.dsv
[14.676s] -- Up-to-date symlink: /home/ubuntu/.2023WaterCode.readonly/fishROS_ws/install/examples_rclcpp_minimal_timer/share/ament_index/resource_index/packages/examples_rclcpp_minimal_timer
[14.677s] -- Up-to-date symlink: /home/ubuntu/.2023WaterCode.readonly/fishROS_ws/install/examples_rclcpp_minimal_timer/share/examples_rclcpp_minimal_timer/cmake/examples_rclcpp_minimal_timerConfig.cmake
[14.677s] -- Up-to-date symlink: /home/ubuntu/.2023WaterCode.readonly/fishROS_ws/install/examples_rclcpp_minimal_timer/share/examples_rclcpp_minimal_timer/cmake/examples_rclcpp_minimal_timerConfig-version.cmake
[14.677s] -- Up-to-date symlink: /home/ubuntu/.2023WaterCode.readonly/fishROS_ws/install/examples_rclcpp_minimal_timer/share/examples_rclcpp_minimal_timer/package.xml
[14.695s] Invoked command in '/home/ubuntu/.2023WaterCode.readonly/fishROS_ws/build/examples_rclcpp_minimal_timer' returned '0': /usr/bin/cmake --install /home/ubuntu/.2023WaterCode.readonly/fishROS_ws/build/examples_rclcpp_minimal_timer
