[0.010s] Invoking command in '/home/ubuntu/.2023WaterCode.readonly/fishROS_ws/build/examples_rclcpp_minimal_timer': CMAKE_PREFIX_PATH=/opt/ros/humble /usr/bin/cmake /home/ubuntu/.2023WaterCode.readonly/fishROS_ws/src/examples/rclcpp/timers/minimal_timer -DAMENT_CMAKE_SYMLINK_INSTALL=1 -DCMAKE_INSTALL_PREFIX=/home/ubuntu/.2023WaterCode.readonly/fishROS_ws/install/examples_rclcpp_minimal_timer
[0.025s] -- Found ament_cmake: 1.3.5 (/opt/ros/humble/share/ament_cmake/cmake)
[0.175s] -- Override CMake install command with custom implementation using symlinks instead of copying resources
[0.183s] -- Found rclcpp: 16.0.5 (/opt/ros/humble/share/rclcpp/cmake)
[0.218s] -- Found rosidl_generator_c: 3.1.5 (/opt/ros/humble/share/rosidl_generator_c/cmake)
[0.220s] -- Found rosidl_adapter: 3.1.5 (/opt/ros/humble/share/rosidl_adapter/cmake)
[0.227s] -- Found rosidl_generator_cpp: 3.1.5 (/opt/ros/humble/share/rosidl_generator_cpp/cmake)
[0.239s] -- Using all available rosidl_typesupport_c: rosidl_typesupport_fastrtps_c;rosidl_typesupport_introspection_c
[0.257s] -- Using all available rosidl_typesupport_cpp: rosidl_typesupport_fastrtps_cpp;rosidl_typesupport_introspection_cpp
[0.322s] -- Found rmw_implementation_cmake: 6.1.1 (/opt/ros/humble/share/rmw_implementation_cmake/cmake)
[0.323s] -- Found rmw_fastrtps_cpp: 6.2.3 (/opt/ros/humble/share/rmw_fastrtps_cpp/cmake)
[0.491s] -- Using RMW implementation 'rmw_fastrtps_cpp' as default
[0.670s] -- Found ament_lint_auto: 0.12.7 (/opt/ros/humble/share/ament_lint_auto/cmake)
[0.747s] -- Added test 'copyright' to check source files copyright and LICENSE
[0.748s] -- Added test 'cppcheck' to perform static code analysis on C / C++ code
[0.748s] -- Configured cppcheck include dirs: 
[0.748s] -- Configured cppcheck exclude dirs and/or files: 
[0.749s] -- Added test 'cpplint' to check C / C++ code against the Google style
[0.749s] -- Configured cpplint exclude dirs and/or files: 
[0.749s] -- Added test 'lint_cmake' to check CMake code style
[0.750s] -- Added test 'uncrustify' to check C / C++ code style
[0.750s] -- Configured uncrustify additional arguments: 
[0.750s] -- Added test 'xmllint' to check XML markup files
[0.751s] -- Configuring done
[0.764s] -- Generating done
[0.766s] -- Build files have been written to: /home/ubuntu/.2023WaterCode.readonly/fishROS_ws/build/examples_rclcpp_minimal_timer
[0.775s] Invoked command in '/home/ubuntu/.2023WaterCode.readonly/fishROS_ws/build/examples_rclcpp_minimal_timer' returned '0': CMAKE_PREFIX_PATH=/opt/ros/humble /usr/bin/cmake /home/ubuntu/.2023WaterCode.readonly/fishROS_ws/src/examples/rclcpp/timers/minimal_timer -DAMENT_CMAKE_SYMLINK_INSTALL=1 -DCMAKE_INSTALL_PREFIX=/home/ubuntu/.2023WaterCode.readonly/fishROS_ws/install/examples_rclcpp_minimal_timer
[0.775s] Invoking command in '/home/ubuntu/.2023WaterCode.readonly/fishROS_ws/build/examples_rclcpp_minimal_timer': CMAKE_PREFIX_PATH=/opt/ros/humble /usr/bin/cmake --build /home/ubuntu/.2023WaterCode.readonly/fishROS_ws/build/examples_rclcpp_minimal_timer -- -j20 -l20
[0.825s] [35m[1mConsolidate compiler generated dependencies of target timer_lambda[0m
[0.825s] [35m[1mConsolidate compiler generated dependencies of target timer_member_function[0m
[0.858s] [ 50%] Built target timer_member_function
[0.860s] [100%] Built target timer_lambda
[0.882s] Invoked command in '/home/ubuntu/.2023WaterCode.readonly/fishROS_ws/build/examples_rclcpp_minimal_timer' returned '0': CMAKE_PREFIX_PATH=/opt/ros/humble /usr/bin/cmake --build /home/ubuntu/.2023WaterCode.readonly/fishROS_ws/build/examples_rclcpp_minimal_timer -- -j20 -l20
[0.924s] Invoking command in '/home/ubuntu/.2023WaterCode.readonly/fishROS_ws/build/examples_rclcpp_minimal_timer': CMAKE_PREFIX_PATH=/opt/ros/humble /usr/bin/cmake --install /home/ubuntu/.2023WaterCode.readonly/fishROS_ws/build/examples_rclcpp_minimal_timer
[0.934s] -- Install configuration: ""
[0.935s] -- Execute custom install script
[0.935s] -- Up-to-date symlink: /home/ubuntu/.2023WaterCode.readonly/fishROS_ws/install/examples_rclcpp_minimal_timer/lib/examples_rclcpp_minimal_timer/timer_lambda
[0.936s] -- Up-to-date symlink: /home/ubuntu/.2023WaterCode.readonly/fishROS_ws/install/examples_rclcpp_minimal_timer/lib/examples_rclcpp_minimal_timer/timer_member_function
[0.936s] -- Up-to-date symlink: /home/ubuntu/.2023WaterCode.readonly/fishROS_ws/install/examples_rclcpp_minimal_timer/share/ament_index/resource_index/package_run_dependencies/examples_rclcpp_minimal_timer
[0.936s] -- Up-to-date symlink: /home/ubuntu/.2023WaterCode.readonly/fishROS_ws/install/examples_rclcpp_minimal_timer/share/ament_index/resource_index/parent_prefix_path/examples_rclcpp_minimal_timer
[0.936s] -- Up-to-date symlink: /home/ubuntu/.2023WaterCode.readonly/fishROS_ws/install/examples_rclcpp_minimal_timer/share/examples_rclcpp_minimal_timer/environment/ament_prefix_path.sh
[0.937s] -- Up-to-date symlink: /home/ubuntu/.2023WaterCode.readonly/fishROS_ws/install/examples_rclcpp_minimal_timer/share/examples_rclcpp_minimal_timer/environment/ament_prefix_path.dsv
[0.937s] -- Up-to-date symlink: /home/ubuntu/.2023WaterCode.readonly/fishROS_ws/install/examples_rclcpp_minimal_timer/share/examples_rclcpp_minimal_timer/environment/path.sh
[0.937s] -- Up-to-date symlink: /home/ubuntu/.2023WaterCode.readonly/fishROS_ws/install/examples_rclcpp_minimal_timer/share/examples_rclcpp_minimal_timer/environment/path.dsv
[0.937s] -- Up-to-date symlink: /home/ubuntu/.2023WaterCode.readonly/fishROS_ws/install/examples_rclcpp_minimal_timer/share/examples_rclcpp_minimal_timer/local_setup.bash
[0.937s] -- Up-to-date symlink: /home/ubuntu/.2023WaterCode.readonly/fishROS_ws/install/examples_rclcpp_minimal_timer/share/examples_rclcpp_minimal_timer/local_setup.sh
[0.938s] -- Up-to-date symlink: /home/ubuntu/.2023WaterCode.readonly/fishROS_ws/install/examples_rclcpp_minimal_timer/share/examples_rclcpp_minimal_timer/local_setup.zsh
[0.938s] -- Up-to-date symlink: /home/ubuntu/.2023WaterCode.readonly/fishROS_ws/install/examples_rclcpp_minimal_timer/share/examples_rclcpp_minimal_timer/local_setup.dsv
[0.938s] -- Symlinking: /home/ubuntu/.2023WaterCode.readonly/fishROS_ws/install/examples_rclcpp_minimal_timer/share/examples_rclcpp_minimal_timer/package.dsv
[0.950s] -- Up-to-date symlink: /home/ubuntu/.2023WaterCode.readonly/fishROS_ws/install/examples_rclcpp_minimal_timer/share/ament_index/resource_index/packages/examples_rclcpp_minimal_timer
[0.951s] -- Up-to-date symlink: /home/ubuntu/.2023WaterCode.readonly/fishROS_ws/install/examples_rclcpp_minimal_timer/share/examples_rclcpp_minimal_timer/cmake/examples_rclcpp_minimal_timerConfig.cmake
[0.951s] -- Up-to-date symlink: /home/ubuntu/.2023WaterCode.readonly/fishROS_ws/install/examples_rclcpp_minimal_timer/share/examples_rclcpp_minimal_timer/cmake/examples_rclcpp_minimal_timerConfig-version.cmake
[0.951s] -- Up-to-date symlink: /home/ubuntu/.2023WaterCode.readonly/fishROS_ws/install/examples_rclcpp_minimal_timer/share/examples_rclcpp_minimal_timer/package.xml
[0.956s] Invoked command in '/home/ubuntu/.2023WaterCode.readonly/fishROS_ws/build/examples_rclcpp_minimal_timer' returned '0': CMAKE_PREFIX_PATH=/opt/ros/humble /usr/bin/cmake --install /home/ubuntu/.2023WaterCode.readonly/fishROS_ws/build/examples_rclcpp_minimal_timer
