[18.477s] Invoking command in '/home/ubuntu/.2023WaterCode.readonly/fishROS_ws/build/examples_rclpy_minimal_action_server': PYTHONPATH=/home/ubuntu/.2023WaterCode.readonly/fishROS_ws/build/examples_rclpy_minimal_action_server/prefix_override:/home/ubuntu/.2023WaterCode.readonly/fishROS_ws/install/examples_rclpy_minimal_action_server/lib/python3.10/site-packages: /usr/bin/python3 setup.py develop --uninstall --editable --build-directory /home/ubuntu/.2023WaterCode.readonly/fishROS_ws/build/examples_rclpy_minimal_action_server/build
[22.124s] running develop
[26.639s] Invoked command in '/home/ubuntu/.2023WaterCode.readonly/fishROS_ws/build/examples_rclpy_minimal_action_server' returned '0': PYTHONPATH=/home/ubuntu/.2023WaterCode.readonly/fishROS_ws/build/examples_rclpy_minimal_action_server/prefix_override:/home/ubuntu/.2023WaterCode.readonly/fishROS_ws/install/examples_rclpy_minimal_action_server/lib/python3.10/site-packages: /usr/bin/python3 setup.py develop --uninstall --editable --build-directory /home/ubuntu/.2023WaterCode.readonly/fishROS_ws/build/examples_rclpy_minimal_action_server/build
[26.643s] Invoking command in '/home/ubuntu/.2023WaterCode.readonly/fishROS_ws/src/examples/rclpy/actions/minimal_action_server': PYTHONPATH=/home/ubuntu/.2023WaterCode.readonly/fishROS_ws/build/examples_rclpy_minimal_action_server/prefix_override:/home/ubuntu/.2023WaterCode.readonly/fishROS_ws/install/examples_rclpy_minimal_action_server/lib/python3.10/site-packages: /usr/bin/python3 setup.py egg_info --egg-base ../../../../../build/examples_rclpy_minimal_action_server build --build-base /home/ubuntu/.2023WaterCode.readonly/fishROS_ws/build/examples_rclpy_minimal_action_server/build install --record /home/ubuntu/.2023WaterCode.readonly/fishROS_ws/build/examples_rclpy_minimal_action_server/install.log --single-version-externally-managed
[79.688s] running egg_info
[79.688s] writing ../../../../../build/examples_rclpy_minimal_action_server/examples_rclpy_minimal_action_server.egg-info/PKG-INFO
[79.694s] writing dependency_links to ../../../../../build/examples_rclpy_minimal_action_server/examples_rclpy_minimal_action_server.egg-info/dependency_links.txt
[79.694s] writing entry points to ../../../../../build/examples_rclpy_minimal_action_server/examples_rclpy_minimal_action_server.egg-info/entry_points.txt
[79.698s] writing requirements to ../../../../../build/examples_rclpy_minimal_action_server/examples_rclpy_minimal_action_server.egg-info/requires.txt
[79.699s] writing top-level names to ../../../../../build/examples_rclpy_minimal_action_server/examples_rclpy_minimal_action_server.egg-info/top_level.txt
[79.734s] reading manifest file '../../../../../build/examples_rclpy_minimal_action_server/examples_rclpy_minimal_action_server.egg-info/SOURCES.txt'
[79.749s] writing manifest file '../../../../../build/examples_rclpy_minimal_action_server/examples_rclpy_minimal_action_server.egg-info/SOURCES.txt'
[79.750s] running build
[79.750s] running build_py
[79.750s] creating /home/ubuntu/.2023WaterCode.readonly/fishROS_ws/build/examples_rclpy_minimal_action_server/build
[79.774s] creating /home/ubuntu/.2023WaterCode.readonly/fishROS_ws/build/examples_rclpy_minimal_action_server/build/lib
[79.777s] creating /home/ubuntu/.2023WaterCode.readonly/fishROS_ws/build/examples_rclpy_minimal_action_server/build/lib/examples_rclpy_minimal_action_server
[79.777s] copying examples_rclpy_minimal_action_server/server_single_goal.py -> /home/ubuntu/.2023WaterCode.readonly/fishROS_ws/build/examples_rclpy_minimal_action_server/build/lib/examples_rclpy_minimal_action_server
[79.801s] copying examples_rclpy_minimal_action_server/server_queue_goals.py -> /home/ubuntu/.2023WaterCode.readonly/fishROS_ws/build/examples_rclpy_minimal_action_server/build/lib/examples_rclpy_minimal_action_server
[79.801s] copying examples_rclpy_minimal_action_server/server_defer.py -> /home/ubuntu/.2023WaterCode.readonly/fishROS_ws/build/examples_rclpy_minimal_action_server/build/lib/examples_rclpy_minimal_action_server
[79.801s] copying examples_rclpy_minimal_action_server/server_not_composable.py -> /home/ubuntu/.2023WaterCode.readonly/fishROS_ws/build/examples_rclpy_minimal_action_server/build/lib/examples_rclpy_minimal_action_server
[79.801s] copying examples_rclpy_minimal_action_server/__init__.py -> /home/ubuntu/.2023WaterCode.readonly/fishROS_ws/build/examples_rclpy_minimal_action_server/build/lib/examples_rclpy_minimal_action_server
[79.802s] copying examples_rclpy_minimal_action_server/server.py -> /home/ubuntu/.2023WaterCode.readonly/fishROS_ws/build/examples_rclpy_minimal_action_server/build/lib/examples_rclpy_minimal_action_server
[79.803s] running install
[79.803s] running install_lib
[79.830s] creating /home/ubuntu/.2023WaterCode.readonly/fishROS_ws/install/examples_rclpy_minimal_action_server/lib/python3.10/site-packages/examples_rclpy_minimal_action_server
[79.830s] copying /home/ubuntu/.2023WaterCode.readonly/fishROS_ws/build/examples_rclpy_minimal_action_server/build/lib/examples_rclpy_minimal_action_server/server_single_goal.py -> /home/ubuntu/.2023WaterCode.readonly/fishROS_ws/install/examples_rclpy_minimal_action_server/lib/python3.10/site-packages/examples_rclpy_minimal_action_server
[79.831s] copying /home/ubuntu/.2023WaterCode.readonly/fishROS_ws/build/examples_rclpy_minimal_action_server/build/lib/examples_rclpy_minimal_action_server/server_queue_goals.py -> /home/ubuntu/.2023WaterCode.readonly/fishROS_ws/install/examples_rclpy_minimal_action_server/lib/python3.10/site-packages/examples_rclpy_minimal_action_server
[79.834s] copying /home/ubuntu/.2023WaterCode.readonly/fishROS_ws/build/examples_rclpy_minimal_action_server/build/lib/examples_rclpy_minimal_action_server/server_defer.py -> /home/ubuntu/.2023WaterCode.readonly/fishROS_ws/install/examples_rclpy_minimal_action_server/lib/python3.10/site-packages/examples_rclpy_minimal_action_server
[79.835s] copying /home/ubuntu/.2023WaterCode.readonly/fishROS_ws/build/examples_rclpy_minimal_action_server/build/lib/examples_rclpy_minimal_action_server/server_not_composable.py -> /home/ubuntu/.2023WaterCode.readonly/fishROS_ws/install/examples_rclpy_minimal_action_server/lib/python3.10/site-packages/examples_rclpy_minimal_action_server
[79.836s] copying /home/ubuntu/.2023WaterCode.readonly/fishROS_ws/build/examples_rclpy_minimal_action_server/build/lib/examples_rclpy_minimal_action_server/__init__.py -> /home/ubuntu/.2023WaterCode.readonly/fishROS_ws/install/examples_rclpy_minimal_action_server/lib/python3.10/site-packages/examples_rclpy_minimal_action_server
[79.836s] copying /home/ubuntu/.2023WaterCode.readonly/fishROS_ws/build/examples_rclpy_minimal_action_server/build/lib/examples_rclpy_minimal_action_server/server.py -> /home/ubuntu/.2023WaterCode.readonly/fishROS_ws/install/examples_rclpy_minimal_action_server/lib/python3.10/site-packages/examples_rclpy_minimal_action_server
[79.836s] byte-compiling /home/ubuntu/.2023WaterCode.readonly/fishROS_ws/install/examples_rclpy_minimal_action_server/lib/python3.10/site-packages/examples_rclpy_minimal_action_server/server_single_goal.py to server_single_goal.cpython-310.pyc
[79.836s] byte-compiling /home/ubuntu/.2023WaterCode.readonly/fishROS_ws/install/examples_rclpy_minimal_action_server/lib/python3.10/site-packages/examples_rclpy_minimal_action_server/server_queue_goals.py to server_queue_goals.cpython-310.pyc
[79.872s] byte-compiling /home/ubuntu/.2023WaterCode.readonly/fishROS_ws/install/examples_rclpy_minimal_action_server/lib/python3.10/site-packages/examples_rclpy_minimal_action_server/server_defer.py to server_defer.cpython-310.pyc
[79.872s] byte-compiling /home/ubuntu/.2023WaterCode.readonly/fishROS_ws/install/examples_rclpy_minimal_action_server/lib/python3.10/site-packages/examples_rclpy_minimal_action_server/server_not_composable.py to server_not_composable.cpython-310.pyc
[79.872s] byte-compiling /home/ubuntu/.2023WaterCode.readonly/fishROS_ws/install/examples_rclpy_minimal_action_server/lib/python3.10/site-packages/examples_rclpy_minimal_action_server/__init__.py to __init__.cpython-310.pyc
[79.872s] byte-compiling /home/ubuntu/.2023WaterCode.readonly/fishROS_ws/install/examples_rclpy_minimal_action_server/lib/python3.10/site-packages/examples_rclpy_minimal_action_server/server.py to server.cpython-310.pyc
[79.931s] running install_data
[79.963s] running install_egg_info
[80.079s] Copying ../../../../../build/examples_rclpy_minimal_action_server/examples_rclpy_minimal_action_server.egg-info to /home/ubuntu/.2023WaterCode.readonly/fishROS_ws/install/examples_rclpy_minimal_action_server/lib/python3.10/site-packages/examples_rclpy_minimal_action_server-0.15.1-py3.10.egg-info
[80.156s] running install_scripts
[80.435s] Installing server script to /home/ubuntu/.2023WaterCode.readonly/fishROS_ws/install/examples_rclpy_minimal_action_server/lib/examples_rclpy_minimal_action_server
[80.435s] Installing server_defer script to /home/ubuntu/.2023WaterCode.readonly/fishROS_ws/install/examples_rclpy_minimal_action_server/lib/examples_rclpy_minimal_action_server
[80.436s] Installing server_not_composable script to /home/ubuntu/.2023WaterCode.readonly/fishROS_ws/install/examples_rclpy_minimal_action_server/lib/examples_rclpy_minimal_action_server
[80.436s] Installing server_queue_goals script to /home/ubuntu/.2023WaterCode.readonly/fishROS_ws/install/examples_rclpy_minimal_action_server/lib/examples_rclpy_minimal_action_server
[80.436s] Installing server_single_goal script to /home/ubuntu/.2023WaterCode.readonly/fishROS_ws/install/examples_rclpy_minimal_action_server/lib/examples_rclpy_minimal_action_server
[80.439s] writing list of installed files to '/home/ubuntu/.2023WaterCode.readonly/fishROS_ws/build/examples_rclpy_minimal_action_server/install.log'
[80.544s] Invoked command in '/home/ubuntu/.2023WaterCode.readonly/fishROS_ws/src/examples/rclpy/actions/minimal_action_server' returned '0': PYTHONPATH=/home/ubuntu/.2023WaterCode.readonly/fishROS_ws/build/examples_rclpy_minimal_action_server/prefix_override:/home/ubuntu/.2023WaterCode.readonly/fishROS_ws/install/examples_rclpy_minimal_action_server/lib/python3.10/site-packages: /usr/bin/python3 setup.py egg_info --egg-base ../../../../../build/examples_rclpy_minimal_action_server build --build-base /home/ubuntu/.2023WaterCode.readonly/fishROS_ws/build/examples_rclpy_minimal_action_server/build install --record /home/ubuntu/.2023WaterCode.readonly/fishROS_ws/build/examples_rclpy_minimal_action_server/install.log --single-version-externally-managed
