[0.457s] Invoking command in '/home/ubuntu/.2023WaterCode.readonly/fishROS_ws/build/examples_rclpy_minimal_action_server': PYTHONPATH=/home/ubuntu/.2023WaterCode.readonly/fishROS_ws/build/examples_rclpy_minimal_action_server/prefix_override:/home/ubuntu/.2023WaterCode.readonly/fishROS_ws/install/examples_rclpy_minimal_action_server/lib/python3.10/site-packages:${PYTHONPATH} /usr/bin/python3 setup.py develop --uninstall --editable --build-directory /home/ubuntu/.2023WaterCode.readonly/fishROS_ws/build/examples_rclpy_minimal_action_server/build
[0.614s] running develop
[0.692s] Removing /home/ubuntu/.2023WaterCode.readonly/fishROS_ws/install/examples_rclpy_minimal_action_server/lib/python3.10/site-packages/examples-rclpy-minimal-action-server.egg-link (link to .)
[0.783s] Invoked command in '/home/ubuntu/.2023WaterCode.readonly/fishROS_ws/build/examples_rclpy_minimal_action_server' returned '0': PYTHONPATH=/home/ubuntu/.2023WaterCode.readonly/fishROS_ws/build/examples_rclpy_minimal_action_server/prefix_override:/home/ubuntu/.2023WaterCode.readonly/fishROS_ws/install/examples_rclpy_minimal_action_server/lib/python3.10/site-packages:${PYTHONPATH} /usr/bin/python3 setup.py develop --uninstall --editable --build-directory /home/ubuntu/.2023WaterCode.readonly/fishROS_ws/build/examples_rclpy_minimal_action_server/build
[0.784s] Invoking command in '/home/ubuntu/.2023WaterCode.readonly/fishROS_ws/src/examples/rclpy/actions/minimal_action_server': PYTHONPATH=/home/ubuntu/.2023WaterCode.readonly/fishROS_ws/build/examples_rclpy_minimal_action_server/prefix_override:/home/ubuntu/.2023WaterCode.readonly/fishROS_ws/install/examples_rclpy_minimal_action_server/lib/python3.10/site-packages:${PYTHONPATH} /usr/bin/python3 setup.py egg_info --egg-base ../../../../../build/examples_rclpy_minimal_action_server build --build-base /home/ubuntu/.2023WaterCode.readonly/fishROS_ws/build/examples_rclpy_minimal_action_server/build install --record /home/ubuntu/.2023WaterCode.readonly/fishROS_ws/build/examples_rclpy_minimal_action_server/install.log --single-version-externally-managed
[0.921s] running egg_info
[0.921s] writing ../../../../../build/examples_rclpy_minimal_action_server/examples_rclpy_minimal_action_server.egg-info/PKG-INFO
[0.922s] writing dependency_links to ../../../../../build/examples_rclpy_minimal_action_server/examples_rclpy_minimal_action_server.egg-info/dependency_links.txt
[0.922s] writing entry points to ../../../../../build/examples_rclpy_minimal_action_server/examples_rclpy_minimal_action_server.egg-info/entry_points.txt
[0.922s] writing requirements to ../../../../../build/examples_rclpy_minimal_action_server/examples_rclpy_minimal_action_server.egg-info/requires.txt
[0.922s] writing top-level names to ../../../../../build/examples_rclpy_minimal_action_server/examples_rclpy_minimal_action_server.egg-info/top_level.txt
[0.923s] reading manifest file '../../../../../build/examples_rclpy_minimal_action_server/examples_rclpy_minimal_action_server.egg-info/SOURCES.txt'
[0.924s] writing manifest file '../../../../../build/examples_rclpy_minimal_action_server/examples_rclpy_minimal_action_server.egg-info/SOURCES.txt'
[0.924s] running build
[0.924s] running build_py
[0.924s] running install
[0.925s] running install_lib
[0.925s] creating /home/ubuntu/.2023WaterCode.readonly/fishROS_ws/install/examples_rclpy_minimal_action_server/lib/python3.10/site-packages/examples_rclpy_minimal_action_server
[0.925s] copying /home/ubuntu/.2023WaterCode.readonly/fishROS_ws/build/examples_rclpy_minimal_action_server/build/lib/examples_rclpy_minimal_action_server/server_single_goal.py -> /home/ubuntu/.2023WaterCode.readonly/fishROS_ws/install/examples_rclpy_minimal_action_server/lib/python3.10/site-packages/examples_rclpy_minimal_action_server
[0.926s] copying /home/ubuntu/.2023WaterCode.readonly/fishROS_ws/build/examples_rclpy_minimal_action_server/build/lib/examples_rclpy_minimal_action_server/server_queue_goals.py -> /home/ubuntu/.2023WaterCode.readonly/fishROS_ws/install/examples_rclpy_minimal_action_server/lib/python3.10/site-packages/examples_rclpy_minimal_action_server
[0.926s] copying /home/ubuntu/.2023WaterCode.readonly/fishROS_ws/build/examples_rclpy_minimal_action_server/build/lib/examples_rclpy_minimal_action_server/server_defer.py -> /home/ubuntu/.2023WaterCode.readonly/fishROS_ws/install/examples_rclpy_minimal_action_server/lib/python3.10/site-packages/examples_rclpy_minimal_action_server
[0.926s] copying /home/ubuntu/.2023WaterCode.readonly/fishROS_ws/build/examples_rclpy_minimal_action_server/build/lib/examples_rclpy_minimal_action_server/server_not_composable.py -> /home/ubuntu/.2023WaterCode.readonly/fishROS_ws/install/examples_rclpy_minimal_action_server/lib/python3.10/site-packages/examples_rclpy_minimal_action_server
[0.926s] copying /home/ubuntu/.2023WaterCode.readonly/fishROS_ws/build/examples_rclpy_minimal_action_server/build/lib/examples_rclpy_minimal_action_server/__init__.py -> /home/ubuntu/.2023WaterCode.readonly/fishROS_ws/install/examples_rclpy_minimal_action_server/lib/python3.10/site-packages/examples_rclpy_minimal_action_server
[0.926s] copying /home/ubuntu/.2023WaterCode.readonly/fishROS_ws/build/examples_rclpy_minimal_action_server/build/lib/examples_rclpy_minimal_action_server/server.py -> /home/ubuntu/.2023WaterCode.readonly/fishROS_ws/install/examples_rclpy_minimal_action_server/lib/python3.10/site-packages/examples_rclpy_minimal_action_server
[0.926s] byte-compiling /home/ubuntu/.2023WaterCode.readonly/fishROS_ws/install/examples_rclpy_minimal_action_server/lib/python3.10/site-packages/examples_rclpy_minimal_action_server/server_single_goal.py to server_single_goal.cpython-310.pyc
[0.927s] byte-compiling /home/ubuntu/.2023WaterCode.readonly/fishROS_ws/install/examples_rclpy_minimal_action_server/lib/python3.10/site-packages/examples_rclpy_minimal_action_server/server_queue_goals.py to server_queue_goals.cpython-310.pyc
[0.928s] byte-compiling /home/ubuntu/.2023WaterCode.readonly/fishROS_ws/install/examples_rclpy_minimal_action_server/lib/python3.10/site-packages/examples_rclpy_minimal_action_server/server_defer.py to server_defer.cpython-310.pyc
[0.929s] byte-compiling /home/ubuntu/.2023WaterCode.readonly/fishROS_ws/install/examples_rclpy_minimal_action_server/lib/python3.10/site-packages/examples_rclpy_minimal_action_server/server_not_composable.py to server_not_composable.cpython-310.pyc
[0.929s] byte-compiling /home/ubuntu/.2023WaterCode.readonly/fishROS_ws/install/examples_rclpy_minimal_action_server/lib/python3.10/site-packages/examples_rclpy_minimal_action_server/__init__.py to __init__.cpython-310.pyc
[0.929s] byte-compiling /home/ubuntu/.2023WaterCode.readonly/fishROS_ws/install/examples_rclpy_minimal_action_server/lib/python3.10/site-packages/examples_rclpy_minimal_action_server/server.py to server.cpython-310.pyc
[0.930s] running install_data
[0.930s] running install_egg_info
[0.932s] Copying ../../../../../build/examples_rclpy_minimal_action_server/examples_rclpy_minimal_action_server.egg-info to /home/ubuntu/.2023WaterCode.readonly/fishROS_ws/install/examples_rclpy_minimal_action_server/lib/python3.10/site-packages/examples_rclpy_minimal_action_server-0.15.1-py3.10.egg-info
[0.933s] running install_scripts
[0.954s] Installing server script to /home/ubuntu/.2023WaterCode.readonly/fishROS_ws/install/examples_rclpy_minimal_action_server/lib/examples_rclpy_minimal_action_server
[0.954s] Installing server_defer script to /home/ubuntu/.2023WaterCode.readonly/fishROS_ws/install/examples_rclpy_minimal_action_server/lib/examples_rclpy_minimal_action_server
[0.954s] Installing server_not_composable script to /home/ubuntu/.2023WaterCode.readonly/fishROS_ws/install/examples_rclpy_minimal_action_server/lib/examples_rclpy_minimal_action_server
[0.954s] Installing server_queue_goals script to /home/ubuntu/.2023WaterCode.readonly/fishROS_ws/install/examples_rclpy_minimal_action_server/lib/examples_rclpy_minimal_action_server
[0.954s] Installing server_single_goal script to /home/ubuntu/.2023WaterCode.readonly/fishROS_ws/install/examples_rclpy_minimal_action_server/lib/examples_rclpy_minimal_action_server
[0.954s] writing list of installed files to '/home/ubuntu/.2023WaterCode.readonly/fishROS_ws/build/examples_rclpy_minimal_action_server/install.log'
[0.979s] Invoked command in '/home/ubuntu/.2023WaterCode.readonly/fishROS_ws/src/examples/rclpy/actions/minimal_action_server' returned '0': PYTHONPATH=/home/ubuntu/.2023WaterCode.readonly/fishROS_ws/build/examples_rclpy_minimal_action_server/prefix_override:/home/ubuntu/.2023WaterCode.readonly/fishROS_ws/install/examples_rclpy_minimal_action_server/lib/python3.10/site-packages:${PYTHONPATH} /usr/bin/python3 setup.py egg_info --egg-base ../../../../../build/examples_rclpy_minimal_action_server build --build-base /home/ubuntu/.2023WaterCode.readonly/fishROS_ws/build/examples_rclpy_minimal_action_server/build install --record /home/ubuntu/.2023WaterCode.readonly/fishROS_ws/build/examples_rclpy_minimal_action_server/install.log --single-version-externally-managed
