[0.006s] Invoking command in '/home/ubuntu/.2023WaterCode.readonly/fishROS_ws/build/examples_rclcpp_minimal_client': CMAKE_PREFIX_PATH=/opt/ros/humble /usr/bin/cmake /home/ubuntu/.2023WaterCode.readonly/fishROS_ws/src/examples/rclcpp/services/minimal_client -DCMAKE_INSTALL_PREFIX=/home/ubuntu/.2023WaterCode.readonly/fishROS_ws/install/examples_rclcpp_minimal_client
[0.014s] -- Found ament_cmake: 1.3.5 (/opt/ros/humble/share/ament_cmake/cmake)
[0.111s] -- Override CMake install command with custom implementation using symlinks instead of copying resources
[0.116s] -- Found example_interfaces: 0.9.3 (/opt/ros/humble/share/example_interfaces/cmake)
[0.134s] -- Found rosidl_generator_c: 3.1.5 (/opt/ros/humble/share/rosidl_generator_c/cmake)
[0.136s] -- Found rosidl_adapter: 3.1.5 (/opt/ros/humble/share/rosidl_adapter/cmake)
[0.140s] -- Found rosidl_generator_cpp: 3.1.5 (/opt/ros/humble/share/rosidl_generator_cpp/cmake)
[0.148s] -- Using all available rosidl_typesupport_c: rosidl_typesupport_fastrtps_c;rosidl_typesupport_introspection_c
[0.159s] -- Using all available rosidl_typesupport_cpp: rosidl_typesupport_fastrtps_cpp;rosidl_typesupport_introspection_cpp
[0.261s] -- Found rclcpp: 16.0.5 (/opt/ros/humble/share/rclcpp/cmake)
[0.293s] -- Found rmw_implementation_cmake: 6.1.1 (/opt/ros/humble/share/rmw_implementation_cmake/cmake)
[0.294s] -- Found rmw_fastrtps_cpp: 6.2.3 (/opt/ros/humble/share/rmw_fastrtps_cpp/cmake)
[0.391s] -- Using RMW implementation 'rmw_fastrtps_cpp' as default
[0.509s] -- Found ament_lint_auto: 0.12.7 (/opt/ros/humble/share/ament_lint_auto/cmake)
[0.557s] -- Added test 'copyright' to check source files copyright and LICENSE
[0.558s] -- Added test 'cppcheck' to perform static code analysis on C / C++ code
[0.558s] -- Configured cppcheck include dirs: 
[0.558s] -- Configured cppcheck exclude dirs and/or files: 
[0.558s] -- Added test 'cpplint' to check C / C++ code against the Google style
[0.558s] -- Configured cpplint exclude dirs and/or files: 
[0.558s] -- Added test 'lint_cmake' to check CMake code style
[0.559s] -- Added test 'uncrustify' to check C / C++ code style
[0.559s] -- Configured uncrustify additional arguments: 
[0.559s] -- Added test 'xmllint' to check XML markup files
[0.560s] -- Configuring done
[0.568s] -- Generating done
[0.569s] -- Build files have been written to: /home/ubuntu/.2023WaterCode.readonly/fishROS_ws/build/examples_rclcpp_minimal_client
[0.574s] Invoked command in '/home/ubuntu/.2023WaterCode.readonly/fishROS_ws/build/examples_rclcpp_minimal_client' returned '0': CMAKE_PREFIX_PATH=/opt/ros/humble /usr/bin/cmake /home/ubuntu/.2023WaterCode.readonly/fishROS_ws/src/examples/rclcpp/services/minimal_client -DCMAKE_INSTALL_PREFIX=/home/ubuntu/.2023WaterCode.readonly/fishROS_ws/install/examples_rclcpp_minimal_client
[0.575s] Invoking command in '/home/ubuntu/.2023WaterCode.readonly/fishROS_ws/build/examples_rclcpp_minimal_client': CMAKE_PREFIX_PATH=/opt/ros/humble /usr/bin/cmake --build /home/ubuntu/.2023WaterCode.readonly/fishROS_ws/build/examples_rclcpp_minimal_client -- -j20 -l20
[0.600s] [35m[1mConsolidate compiler generated dependencies of target client_main[0m
[0.612s] [100%] Built target client_main
[0.620s] Invoked command in '/home/ubuntu/.2023WaterCode.readonly/fishROS_ws/build/examples_rclcpp_minimal_client' returned '0': CMAKE_PREFIX_PATH=/opt/ros/humble /usr/bin/cmake --build /home/ubuntu/.2023WaterCode.readonly/fishROS_ws/build/examples_rclcpp_minimal_client -- -j20 -l20
[0.636s] Invoking command in '/home/ubuntu/.2023WaterCode.readonly/fishROS_ws/build/examples_rclcpp_minimal_client': CMAKE_PREFIX_PATH=/opt/ros/humble /usr/bin/cmake --install /home/ubuntu/.2023WaterCode.readonly/fishROS_ws/build/examples_rclcpp_minimal_client
[0.641s] -- Install configuration: ""
[0.641s] -- Execute custom install script
[0.641s] -- Up-to-date symlink: /home/ubuntu/.2023WaterCode.readonly/fishROS_ws/install/examples_rclcpp_minimal_client/lib/examples_rclcpp_minimal_client/client_main
[0.641s] -- Up-to-date symlink: /home/ubuntu/.2023WaterCode.readonly/fishROS_ws/install/examples_rclcpp_minimal_client/share/ament_index/resource_index/package_run_dependencies/examples_rclcpp_minimal_client
[0.641s] -- Up-to-date symlink: /home/ubuntu/.2023WaterCode.readonly/fishROS_ws/install/examples_rclcpp_minimal_client/share/ament_index/resource_index/parent_prefix_path/examples_rclcpp_minimal_client
[0.641s] -- Up-to-date symlink: /home/ubuntu/.2023WaterCode.readonly/fishROS_ws/install/examples_rclcpp_minimal_client/share/examples_rclcpp_minimal_client/environment/ament_prefix_path.sh
[0.642s] -- Up-to-date symlink: /home/ubuntu/.2023WaterCode.readonly/fishROS_ws/install/examples_rclcpp_minimal_client/share/examples_rclcpp_minimal_client/environment/ament_prefix_path.dsv
[0.642s] -- Up-to-date symlink: /home/ubuntu/.2023WaterCode.readonly/fishROS_ws/install/examples_rclcpp_minimal_client/share/examples_rclcpp_minimal_client/environment/path.sh
[0.642s] -- Up-to-date symlink: /home/ubuntu/.2023WaterCode.readonly/fishROS_ws/install/examples_rclcpp_minimal_client/share/examples_rclcpp_minimal_client/environment/path.dsv
[0.642s] -- Up-to-date symlink: /home/ubuntu/.2023WaterCode.readonly/fishROS_ws/install/examples_rclcpp_minimal_client/share/examples_rclcpp_minimal_client/local_setup.bash
[0.642s] -- Up-to-date symlink: /home/ubuntu/.2023WaterCode.readonly/fishROS_ws/install/examples_rclcpp_minimal_client/share/examples_rclcpp_minimal_client/local_setup.sh
[0.642s] -- Up-to-date symlink: /home/ubuntu/.2023WaterCode.readonly/fishROS_ws/install/examples_rclcpp_minimal_client/share/examples_rclcpp_minimal_client/local_setup.zsh
[0.642s] -- Up-to-date symlink: /home/ubuntu/.2023WaterCode.readonly/fishROS_ws/install/examples_rclcpp_minimal_client/share/examples_rclcpp_minimal_client/local_setup.dsv
[0.642s] -- Symlinking: /home/ubuntu/.2023WaterCode.readonly/fishROS_ws/install/examples_rclcpp_minimal_client/share/examples_rclcpp_minimal_client/package.dsv
[0.648s] -- Up-to-date symlink: /home/ubuntu/.2023WaterCode.readonly/fishROS_ws/install/examples_rclcpp_minimal_client/share/ament_index/resource_index/packages/examples_rclcpp_minimal_client
[0.649s] -- Up-to-date symlink: /home/ubuntu/.2023WaterCode.readonly/fishROS_ws/install/examples_rclcpp_minimal_client/share/examples_rclcpp_minimal_client/cmake/examples_rclcpp_minimal_clientConfig.cmake
[0.649s] -- Up-to-date symlink: /home/ubuntu/.2023WaterCode.readonly/fishROS_ws/install/examples_rclcpp_minimal_client/share/examples_rclcpp_minimal_client/cmake/examples_rclcpp_minimal_clientConfig-version.cmake
[0.649s] -- Up-to-date symlink: /home/ubuntu/.2023WaterCode.readonly/fishROS_ws/install/examples_rclcpp_minimal_client/share/examples_rclcpp_minimal_client/package.xml
[0.652s] Invoked command in '/home/ubuntu/.2023WaterCode.readonly/fishROS_ws/build/examples_rclcpp_minimal_client' returned '0': CMAKE_PREFIX_PATH=/opt/ros/humble /usr/bin/cmake --install /home/ubuntu/.2023WaterCode.readonly/fishROS_ws/build/examples_rclcpp_minimal_client
