[0.182s] Invoking command in '/home/ubuntu/.2023WaterCode.readonly/fishROS_ws/build/examples_rclcpp_minimal_composition': CMAKE_PREFIX_PATH=/opt/ros/humble /usr/bin/cmake /home/ubuntu/.2023WaterCode.readonly/fishROS_ws/src/examples/rclcpp/composition/minimal_composition -DCMAKE_INSTALL_PREFIX=/home/ubuntu/.2023WaterCode.readonly/fishROS_ws/install/examples_rclcpp_minimal_composition
[4.262s] -- Found ament_cmake: 1.3.5 (/opt/ros/humble/share/ament_cmake/cmake)
[4.262s] -- Override CMake install command with custom implementation using symlinks instead of copying resources
[4.266s] -- Found rclcpp: 16.0.5 (/opt/ros/humble/share/rclcpp/cmake)
[4.267s] -- Found rosidl_generator_c: 3.1.5 (/opt/ros/humble/share/rosidl_generator_c/cmake)
[4.267s] -- Found rosidl_adapter: 3.1.5 (/opt/ros/humble/share/rosidl_adapter/cmake)
[4.267s] -- Found rosidl_generator_cpp: 3.1.5 (/opt/ros/humble/share/rosidl_generator_cpp/cmake)
[4.267s] -- Using all available rosidl_typesupport_c: rosidl_typesupport_fastrtps_c;rosidl_typesupport_introspection_c
[4.267s] -- Using all available rosidl_typesupport_cpp: rosidl_typesupport_fastrtps_cpp;rosidl_typesupport_introspection_cpp
[4.271s] -- Found rmw_implementation_cmake: 6.1.1 (/opt/ros/humble/share/rmw_implementation_cmake/cmake)
[4.271s] -- Found rmw_fastrtps_cpp: 6.2.3 (/opt/ros/humble/share/rmw_fastrtps_cpp/cmake)
[4.271s] -- Using RMW implementation 'rmw_fastrtps_cpp' as default
[4.271s] -- Found rclcpp_components: 16.0.5 (/opt/ros/humble/share/rclcpp_components/cmake)
[4.271s] -- Found ament_lint_auto: 0.12.7 (/opt/ros/humble/share/ament_lint_auto/cmake)
[4.272s] -- Added test 'copyright' to check source files copyright and LICENSE
[4.272s] -- Added test 'cppcheck' to perform static code analysis on C / C++ code
[4.272s] -- Configured cppcheck include dirs: /home/ubuntu/.2023WaterCode.readonly/fishROS_ws/src/examples/rclcpp/composition/minimal_composition/include
[4.272s] -- Configured cppcheck exclude dirs and/or files: 
[4.272s] -- Added test 'cpplint' to check C / C++ code against the Google style
[4.273s] -- Configured cpplint exclude dirs and/or files: 
[4.273s] -- Added test 'lint_cmake' to check CMake code style
[4.273s] -- Added test 'uncrustify' to check C / C++ code style
[4.273s] -- Configured uncrustify additional arguments: 
[4.274s] -- Added test 'xmllint' to check XML markup files
[4.274s] -- Configuring done
[4.274s] -- Generating done
[4.278s] -- Build files have been written to: /home/ubuntu/.2023WaterCode.readonly/fishROS_ws/build/examples_rclcpp_minimal_composition
[4.327s] Invoked command in '/home/ubuntu/.2023WaterCode.readonly/fishROS_ws/build/examples_rclcpp_minimal_composition' returned '0': CMAKE_PREFIX_PATH=/opt/ros/humble /usr/bin/cmake /home/ubuntu/.2023WaterCode.readonly/fishROS_ws/src/examples/rclcpp/composition/minimal_composition -DCMAKE_INSTALL_PREFIX=/home/ubuntu/.2023WaterCode.readonly/fishROS_ws/install/examples_rclcpp_minimal_composition
[4.327s] Invoking command in '/home/ubuntu/.2023WaterCode.readonly/fishROS_ws/build/examples_rclcpp_minimal_composition': CMAKE_PREFIX_PATH=/opt/ros/humble /usr/bin/cmake --build /home/ubuntu/.2023WaterCode.readonly/fishROS_ws/build/examples_rclcpp_minimal_composition -- -j20 -l20
[4.461s] [ 11%] [32mBuilding CXX object CMakeFiles/composition_nodes.dir/src/publisher_node.cpp.o[0m
[4.501s] [ 22%] [32mBuilding CXX object CMakeFiles/composition_nodes.dir/src/subscriber_node.cpp.o[0m
