[35m[1mConsolidate compiler generated dependencies of target action_client_member_functions[0m
[ 25%] Built target action_client_member_functions
[35m[1mConsolidate compiler generated dependencies of target action_client_not_composable_with_feedback[0m
[ 50%] Built target action_client_not_composable_with_feedback
[35m[1mConsolidate compiler generated dependencies of target action_client_not_composable_with_cancel[0m
[ 75%] Built target action_client_not_composable_with_cancel
[35m[1mConsolidate compiler generated dependencies of target action_client_not_composable[0m
[100%] Built target action_client_not_composable
-- Install configuration: ""
-- Execute custom install script
-- Symlinking: /home/ubuntu/.2023WaterCode.readonly/fishROS_ws/install/examples_rclcpp_minimal_action_client/lib/examples_rclcpp_minimal_action_client/action_client_member_functions
-- Symlinking: /home/ubuntu/.2023WaterCode.readonly/fishROS_ws/install/examples_rclcpp_minimal_action_client/lib/examples_rclcpp_minimal_action_client/action_client_not_composable
-- Symlinking: /home/ubuntu/.2023WaterCode.readonly/fishROS_ws/install/examples_rclcpp_minimal_action_client/lib/examples_rclcpp_minimal_action_client/action_client_not_composable_with_cancel
-- Symlinking: /home/ubuntu/.2023WaterCode.readonly/fishROS_ws/install/examples_rclcpp_minimal_action_client/lib/examples_rclcpp_minimal_action_client/action_client_not_composable_with_feedback
-- Symlinking: /home/ubuntu/.2023WaterCode.readonly/fishROS_ws/install/examples_rclcpp_minimal_action_client/share/ament_index/resource_index/package_run_dependencies/examples_rclcpp_minimal_action_client
-- Symlinking: /home/ubuntu/.2023WaterCode.readonly/fishROS_ws/install/examples_rclcpp_minimal_action_client/share/ament_index/resource_index/parent_prefix_path/examples_rclcpp_minimal_action_client
-- Symlinking: /home/ubuntu/.2023WaterCode.readonly/fishROS_ws/install/examples_rclcpp_minimal_action_client/share/examples_rclcpp_minimal_action_client/environment/ament_prefix_path.sh
-- Symlinking: /home/ubuntu/.2023WaterCode.readonly/fishROS_ws/install/examples_rclcpp_minimal_action_client/share/examples_rclcpp_minimal_action_client/environment/ament_prefix_path.dsv
-- Symlinking: /home/ubuntu/.2023WaterCode.readonly/fishROS_ws/install/examples_rclcpp_minimal_action_client/share/examples_rclcpp_minimal_action_client/environment/path.sh
-- Symlinking: /home/ubuntu/.2023WaterCode.readonly/fishROS_ws/install/examples_rclcpp_minimal_action_client/share/examples_rclcpp_minimal_action_client/environment/path.dsv
-- Symlinking: /home/ubuntu/.2023WaterCode.readonly/fishROS_ws/install/examples_rclcpp_minimal_action_client/share/examples_rclcpp_minimal_action_client/local_setup.bash
-- Symlinking: /home/ubuntu/.2023WaterCode.readonly/fishROS_ws/install/examples_rclcpp_minimal_action_client/share/examples_rclcpp_minimal_action_client/local_setup.sh
-- Symlinking: /home/ubuntu/.2023WaterCode.readonly/fishROS_ws/install/examples_rclcpp_minimal_action_client/share/examples_rclcpp_minimal_action_client/local_setup.zsh
-- Symlinking: /home/ubuntu/.2023WaterCode.readonly/fishROS_ws/install/examples_rclcpp_minimal_action_client/share/examples_rclcpp_minimal_action_client/local_setup.dsv
-- Symlinking: /home/ubuntu/.2023WaterCode.readonly/fishROS_ws/install/examples_rclcpp_minimal_action_client/share/examples_rclcpp_minimal_action_client/package.dsv
-- Symlinking: /home/ubuntu/.2023WaterCode.readonly/fishROS_ws/install/examples_rclcpp_minimal_action_client/share/ament_index/resource_index/packages/examples_rclcpp_minimal_action_client
-- Symlinking: /home/ubuntu/.2023WaterCode.readonly/fishROS_ws/install/examples_rclcpp_minimal_action_client/share/examples_rclcpp_minimal_action_client/cmake/examples_rclcpp_minimal_action_clientConfig.cmake
-- Symlinking: /home/ubuntu/.2023WaterCode.readonly/fishROS_ws/install/examples_rclcpp_minimal_action_client/share/examples_rclcpp_minimal_action_client/cmake/examples_rclcpp_minimal_action_clientConfig-version.cmake
-- Symlinking: /home/ubuntu/.2023WaterCode.readonly/fishROS_ws/install/examples_rclcpp_minimal_action_client/share/examples_rclcpp_minimal_action_client/package.xml
