[0.010s] Invoking command in '/home/ubuntu/.2023WaterCode.readonly/fishROS_ws/build/examples_rclcpp_minimal_action_client': CMAKE_PREFIX_PATH=/opt/ros/humble /usr/bin/cmake /home/ubuntu/.2023WaterCode.readonly/fishROS_ws/src/examples/rclcpp/actions/minimal_action_client -DAMENT_CMAKE_SYMLINK_INSTALL=1 -DCMAKE_INSTALL_PREFIX=/home/ubuntu/.2023WaterCode.readonly/fishROS_ws/install/examples_rclcpp_minimal_action_client
[0.028s] -- Found ament_cmake: 1.3.5 (/opt/ros/humble/share/ament_cmake/cmake)
[0.200s] -- Override CMake install command with custom implementation using symlinks instead of copying resources
[0.208s] -- Found example_interfaces: 0.9.3 (/opt/ros/humble/share/example_interfaces/cmake)
[0.238s] -- Found rosidl_generator_c: 3.1.5 (/opt/ros/humble/share/rosidl_generator_c/cmake)
[0.241s] -- Found rosidl_adapter: 3.1.5 (/opt/ros/humble/share/rosidl_adapter/cmake)
[0.248s] -- Found rosidl_generator_cpp: 3.1.5 (/opt/ros/humble/share/rosidl_generator_cpp/cmake)
[0.260s] -- Using all available rosidl_typesupport_c: rosidl_typesupport_fastrtps_c;rosidl_typesupport_introspection_c
[0.277s] -- Using all available rosidl_typesupport_cpp: rosidl_typesupport_fastrtps_cpp;rosidl_typesupport_introspection_cpp
[0.448s] -- Found rclcpp: 16.0.5 (/opt/ros/humble/share/rclcpp/cmake)
[0.502s] -- Found rmw_implementation_cmake: 6.1.1 (/opt/ros/humble/share/rmw_implementation_cmake/cmake)
[0.504s] -- Found rmw_fastrtps_cpp: 6.2.3 (/opt/ros/humble/share/rmw_fastrtps_cpp/cmake)
[0.676s] -- Using RMW implementation 'rmw_fastrtps_cpp' as default
[0.867s] -- Found rclcpp_action: 16.0.5 (/opt/ros/humble/share/rclcpp_action/cmake)
[0.905s] -- Found ament_lint_auto: 0.12.7 (/opt/ros/humble/share/ament_lint_auto/cmake)
[0.984s] -- Added test 'copyright' to check source files copyright and LICENSE
[0.985s] -- Added test 'cppcheck' to perform static code analysis on C / C++ code
[0.985s] -- Configured cppcheck include dirs: 
[0.985s] -- Configured cppcheck exclude dirs and/or files: 
[0.985s] -- Added test 'cpplint' to check C / C++ code against the Google style
[0.985s] -- Configured cpplint exclude dirs and/or files: 
[0.986s] -- Added test 'lint_cmake' to check CMake code style
[0.987s] -- Added test 'uncrustify' to check C / C++ code style
[0.987s] -- Configured uncrustify additional arguments: 
[0.987s] -- Added test 'xmllint' to check XML markup files
[0.988s] -- Configuring done
[1.010s] -- Generating done
[1.012s] -- Build files have been written to: /home/ubuntu/.2023WaterCode.readonly/fishROS_ws/build/examples_rclcpp_minimal_action_client
[1.021s] Invoked command in '/home/ubuntu/.2023WaterCode.readonly/fishROS_ws/build/examples_rclcpp_minimal_action_client' returned '0': CMAKE_PREFIX_PATH=/opt/ros/humble /usr/bin/cmake /home/ubuntu/.2023WaterCode.readonly/fishROS_ws/src/examples/rclcpp/actions/minimal_action_client -DAMENT_CMAKE_SYMLINK_INSTALL=1 -DCMAKE_INSTALL_PREFIX=/home/ubuntu/.2023WaterCode.readonly/fishROS_ws/install/examples_rclcpp_minimal_action_client
[1.022s] Invoking command in '/home/ubuntu/.2023WaterCode.readonly/fishROS_ws/build/examples_rclcpp_minimal_action_client': CMAKE_PREFIX_PATH=/opt/ros/humble /usr/bin/cmake --build /home/ubuntu/.2023WaterCode.readonly/fishROS_ws/build/examples_rclcpp_minimal_action_client -- -j20 -l20
[1.064s] [35m[1mConsolidate compiler generated dependencies of target action_client_member_functions[0m
[1.064s] [35m[1mConsolidate compiler generated dependencies of target action_client_not_composable[0m
[1.064s] [35m[1mConsolidate compiler generated dependencies of target action_client_not_composable_with_cancel[0m
[1.065s] [35m[1mConsolidate compiler generated dependencies of target action_client_not_composable_with_feedback[0m
[1.084s] [100%] Built target action_client_not_composable_with_cancel
[1.084s] [100%] Built target action_client_not_composable_with_feedback
[1.084s] [100%] Built target action_client_not_composable
[1.084s] [100%] Built target action_client_member_functions
[1.095s] Invoked command in '/home/ubuntu/.2023WaterCode.readonly/fishROS_ws/build/examples_rclcpp_minimal_action_client' returned '0': CMAKE_PREFIX_PATH=/opt/ros/humble /usr/bin/cmake --build /home/ubuntu/.2023WaterCode.readonly/fishROS_ws/build/examples_rclcpp_minimal_action_client -- -j20 -l20
[1.143s] Invoking command in '/home/ubuntu/.2023WaterCode.readonly/fishROS_ws/build/examples_rclcpp_minimal_action_client': CMAKE_PREFIX_PATH=/opt/ros/humble /usr/bin/cmake --install /home/ubuntu/.2023WaterCode.readonly/fishROS_ws/build/examples_rclcpp_minimal_action_client
[1.154s] -- Install configuration: ""
[1.154s] -- Execute custom install script
[1.155s] -- Up-to-date symlink: /home/ubuntu/.2023WaterCode.readonly/fishROS_ws/install/examples_rclcpp_minimal_action_client/lib/examples_rclcpp_minimal_action_client/action_client_member_functions
[1.155s] -- Up-to-date symlink: /home/ubuntu/.2023WaterCode.readonly/fishROS_ws/install/examples_rclcpp_minimal_action_client/lib/examples_rclcpp_minimal_action_client/action_client_not_composable
[1.155s] -- Up-to-date symlink: /home/ubuntu/.2023WaterCode.readonly/fishROS_ws/install/examples_rclcpp_minimal_action_client/lib/examples_rclcpp_minimal_action_client/action_client_not_composable_with_cancel
[1.155s] -- Up-to-date symlink: /home/ubuntu/.2023WaterCode.readonly/fishROS_ws/install/examples_rclcpp_minimal_action_client/lib/examples_rclcpp_minimal_action_client/action_client_not_composable_with_feedback
[1.156s] -- Up-to-date symlink: /home/ubuntu/.2023WaterCode.readonly/fishROS_ws/install/examples_rclcpp_minimal_action_client/share/ament_index/resource_index/package_run_dependencies/examples_rclcpp_minimal_action_client
[1.156s] -- Up-to-date symlink: /home/ubuntu/.2023WaterCode.readonly/fishROS_ws/install/examples_rclcpp_minimal_action_client/share/ament_index/resource_index/parent_prefix_path/examples_rclcpp_minimal_action_client
[1.156s] -- Up-to-date symlink: /home/ubuntu/.2023WaterCode.readonly/fishROS_ws/install/examples_rclcpp_minimal_action_client/share/examples_rclcpp_minimal_action_client/environment/ament_prefix_path.sh
[1.157s] -- Up-to-date symlink: /home/ubuntu/.2023WaterCode.readonly/fishROS_ws/install/examples_rclcpp_minimal_action_client/share/examples_rclcpp_minimal_action_client/environment/ament_prefix_path.dsv
[1.157s] -- Up-to-date symlink: /home/ubuntu/.2023WaterCode.readonly/fishROS_ws/install/examples_rclcpp_minimal_action_client/share/examples_rclcpp_minimal_action_client/environment/path.sh
[1.157s] -- Up-to-date symlink: /home/ubuntu/.2023WaterCode.readonly/fishROS_ws/install/examples_rclcpp_minimal_action_client/share/examples_rclcpp_minimal_action_client/environment/path.dsv
[1.157s] -- Up-to-date symlink: /home/ubuntu/.2023WaterCode.readonly/fishROS_ws/install/examples_rclcpp_minimal_action_client/share/examples_rclcpp_minimal_action_client/local_setup.bash
[1.157s] -- Up-to-date symlink: /home/ubuntu/.2023WaterCode.readonly/fishROS_ws/install/examples_rclcpp_minimal_action_client/share/examples_rclcpp_minimal_action_client/local_setup.sh
[1.158s] -- Up-to-date symlink: /home/ubuntu/.2023WaterCode.readonly/fishROS_ws/install/examples_rclcpp_minimal_action_client/share/examples_rclcpp_minimal_action_client/local_setup.zsh
[1.158s] -- Up-to-date symlink: /home/ubuntu/.2023WaterCode.readonly/fishROS_ws/install/examples_rclcpp_minimal_action_client/share/examples_rclcpp_minimal_action_client/local_setup.dsv
[1.158s] -- Symlinking: /home/ubuntu/.2023WaterCode.readonly/fishROS_ws/install/examples_rclcpp_minimal_action_client/share/examples_rclcpp_minimal_action_client/package.dsv
[1.171s] -- Up-to-date symlink: /home/ubuntu/.2023WaterCode.readonly/fishROS_ws/install/examples_rclcpp_minimal_action_client/share/ament_index/resource_index/packages/examples_rclcpp_minimal_action_client
[1.171s] -- Up-to-date symlink: /home/ubuntu/.2023WaterCode.readonly/fishROS_ws/install/examples_rclcpp_minimal_action_client/share/examples_rclcpp_minimal_action_client/cmake/examples_rclcpp_minimal_action_clientConfig.cmake
[1.171s] -- Up-to-date symlink: /home/ubuntu/.2023WaterCode.readonly/fishROS_ws/install/examples_rclcpp_minimal_action_client/share/examples_rclcpp_minimal_action_client/cmake/examples_rclcpp_minimal_action_clientConfig-version.cmake
[1.171s] -- Up-to-date symlink: /home/ubuntu/.2023WaterCode.readonly/fishROS_ws/install/examples_rclcpp_minimal_action_client/share/examples_rclcpp_minimal_action_client/package.xml
[1.174s] Invoked command in '/home/ubuntu/.2023WaterCode.readonly/fishROS_ws/build/examples_rclcpp_minimal_action_client' returned '0': CMAKE_PREFIX_PATH=/opt/ros/humble /usr/bin/cmake --install /home/ubuntu/.2023WaterCode.readonly/fishROS_ws/build/examples_rclcpp_minimal_action_client
