[0.009s] Invoking command in '/home/ubuntu/.2023WaterCode.readonly/fishROS_ws/build/examples_rclcpp_cbg_executor': /usr/bin/cmake /home/ubuntu/.2023WaterCode.readonly/fishROS_ws/src/examples/rclcpp/executors/cbg_executor -DAMENT_CMAKE_SYMLINK_INSTALL=1 -DCMAKE_INSTALL_PREFIX=/home/ubuntu/.2023WaterCode.readonly/fishROS_ws/install/examples_rclcpp_cbg_executor
[0.022s] -- Found ament_cmake: 1.3.5 (/opt/ros/humble/share/ament_cmake/cmake)
[0.131s] Traceback (most recent call last):
[0.131s]   File "/opt/ros/humble/share/ament_cmake_core/cmake/package_templates/templates_2_cmake.py", line 21, in <module>
[0.131s]     from ament_package.templates import get_environment_hook_template_path
[0.131s] ModuleNotFoundError: No module named 'ament_package'
[0.134s] [31mCMake Error at /opt/ros/humble/share/ament_cmake_core/cmake/ament_cmake_package_templates-extras.cmake:41 (message):
[0.134s]   execute_process(/usr/bin/python3.10
[0.135s]   /opt/ros/humble/share/ament_cmake_core/cmake/package_templates/templates_2_cmake.py
[0.135s]   /home/ubuntu/.2023WaterCode.readonly/fishROS_ws/build/examples_rclcpp_cbg_executor/ament_cmake_package_templates/templates.cmake)
[0.135s]   returned error code 1
[0.135s] Call Stack (most recent call first):
[0.135s]   /opt/ros/humble/share/ament_cmake_core/cmake/ament_cmake_coreConfig.cmake:41 (include)
[0.135s]   /opt/ros/humble/share/ament_cmake/cmake/ament_cmake_export_dependencies-extras.cmake:15 (find_package)
[0.135s]   /opt/ros/humble/share/ament_cmake/cmake/ament_cmakeConfig.cmake:41 (include)
[0.135s]   CMakeLists.txt:13 (find_package)
[0.135s] 
[0.135s] [0m
[0.137s] -- Configuring incomplete, errors occurred!
[0.139s] See also "/home/ubuntu/.2023WaterCode.readonly/fishROS_ws/build/examples_rclcpp_cbg_executor/CMakeFiles/CMakeOutput.log".
[0.139s] Invoked command in '/home/ubuntu/.2023WaterCode.readonly/fishROS_ws/build/examples_rclcpp_cbg_executor' returned '1': /usr/bin/cmake /home/ubuntu/.2023WaterCode.readonly/fishROS_ws/src/examples/rclcpp/executors/cbg_executor -DAMENT_CMAKE_SYMLINK_INSTALL=1 -DCMAKE_INSTALL_PREFIX=/home/ubuntu/.2023WaterCode.readonly/fishROS_ws/install/examples_rclcpp_cbg_executor
