[0.631s] Invoking command in '/home/ubuntu/.2023WaterCode.readonly/fishROS_ws/build/examples_rclpy_minimal_client': PYTHONPATH=/home/ubuntu/.2023WaterCode.readonly/fishROS_ws/build/examples_rclpy_minimal_client/prefix_override:/home/ubuntu/.2023WaterCode.readonly/fishROS_ws/install/examples_rclpy_minimal_client/lib/python3.10/site-packages:${PYTHONPATH} /usr/bin/python3 setup.py develop --editable --build-directory /home/ubuntu/.2023WaterCode.readonly/fishROS_ws/build/examples_rclpy_minimal_client/build --no-deps install_data
[0.892s] running develop
[1.027s] running egg_info
[1.027s] writing examples_rclpy_minimal_client.egg-info/PKG-INFO
[1.027s] writing dependency_links to examples_rclpy_minimal_client.egg-info/dependency_links.txt
[1.027s] writing entry points to examples_rclpy_minimal_client.egg-info/entry_points.txt
[1.027s] writing requirements to examples_rclpy_minimal_client.egg-info/requires.txt
[1.028s] writing top-level names to examples_rclpy_minimal_client.egg-info/top_level.txt
[1.029s] reading manifest file 'examples_rclpy_minimal_client.egg-info/SOURCES.txt'
[1.030s] writing manifest file 'examples_rclpy_minimal_client.egg-info/SOURCES.txt'
[1.031s] running build_ext
[1.031s] Creating /home/ubuntu/.2023WaterCode.readonly/fishROS_ws/install/examples_rclpy_minimal_client/lib/python3.10/site-packages/examples-rclpy-minimal-client.egg-link (link to .)
[1.032s] Installing client script to /home/ubuntu/.2023WaterCode.readonly/fishROS_ws/install/examples_rclpy_minimal_client/lib/examples_rclpy_minimal_client
[1.032s] Installing client_async script to /home/ubuntu/.2023WaterCode.readonly/fishROS_ws/install/examples_rclpy_minimal_client/lib/examples_rclpy_minimal_client
[1.032s] Installing client_async_callback script to /home/ubuntu/.2023WaterCode.readonly/fishROS_ws/install/examples_rclpy_minimal_client/lib/examples_rclpy_minimal_client
[1.032s] Installing client_async_member_function script to /home/ubuntu/.2023WaterCode.readonly/fishROS_ws/install/examples_rclpy_minimal_client/lib/examples_rclpy_minimal_client
[1.033s] 
[1.033s] Installed /home/ubuntu/.2023WaterCode.readonly/fishROS_ws/build/examples_rclpy_minimal_client
[1.033s] running install_data
[1.062s] Invoked command in '/home/ubuntu/.2023WaterCode.readonly/fishROS_ws/build/examples_rclpy_minimal_client' returned '0': PYTHONPATH=/home/ubuntu/.2023WaterCode.readonly/fishROS_ws/build/examples_rclpy_minimal_client/prefix_override:/home/ubuntu/.2023WaterCode.readonly/fishROS_ws/install/examples_rclpy_minimal_client/lib/python3.10/site-packages:${PYTHONPATH} /usr/bin/python3 setup.py develop --editable --build-directory /home/ubuntu/.2023WaterCode.readonly/fishROS_ws/build/examples_rclpy_minimal_client/build --no-deps install_data
