[0.011s] Invoking command in '/home/ubuntu/.2023WaterCode.readonly/fishROS_ws/build/examples_rclcpp_cbg_executor': CMAKE_PREFIX_PATH=/opt/ros/humble /usr/bin/cmake /home/ubuntu/.2023WaterCode.readonly/fishROS_ws/src/examples/rclcpp/executors/cbg_executor -DAMENT_CMAKE_SYMLINK_INSTALL=1 -DCMAKE_INSTALL_PREFIX=/home/ubuntu/.2023WaterCode.readonly/fishROS_ws/install/examples_rclcpp_cbg_executor
[0.024s] -- Found ament_cmake: 1.3.5 (/opt/ros/humble/share/ament_cmake/cmake)
[0.210s] -- Override CMake install command with custom implementation using symlinks instead of copying resources
[0.225s] -- Found rclcpp: 16.0.5 (/opt/ros/humble/share/rclcpp/cmake)
[0.272s] -- Found rosidl_generator_c: 3.1.5 (/opt/ros/humble/share/rosidl_generator_c/cmake)
[0.275s] -- Found rosidl_adapter: 3.1.5 (/opt/ros/humble/share/rosidl_adapter/cmake)
[0.283s] -- Found rosidl_generator_cpp: 3.1.5 (/opt/ros/humble/share/rosidl_generator_cpp/cmake)
[0.298s] -- Using all available rosidl_typesupport_c: rosidl_typesupport_fastrtps_c;rosidl_typesupport_introspection_c
[0.318s] -- Using all available rosidl_typesupport_cpp: rosidl_typesupport_fastrtps_cpp;rosidl_typesupport_introspection_cpp
[0.390s] -- Found rmw_implementation_cmake: 6.1.1 (/opt/ros/humble/share/rmw_implementation_cmake/cmake)
[0.394s] -- Found rmw_fastrtps_cpp: 6.2.3 (/opt/ros/humble/share/rmw_fastrtps_cpp/cmake)
[0.578s] -- Using RMW implementation 'rmw_fastrtps_cpp' as default
[0.770s] -- Found ament_lint_auto: 0.12.7 (/opt/ros/humble/share/ament_lint_auto/cmake)
[0.852s] -- Added test 'copyright' to check source files copyright and LICENSE
[0.853s] -- Added test 'cppcheck' to perform static code analysis on C / C++ code
[0.854s] -- Configured cppcheck include dirs: /home/ubuntu/.2023WaterCode.readonly/fishROS_ws/src/examples/rclcpp/executors/cbg_executor/include
[0.854s] -- Configured cppcheck exclude dirs and/or files: 
[0.855s] -- Added test 'cpplint' to check C / C++ code against the Google style
[0.855s] -- Configured cpplint exclude dirs and/or files: 
[0.855s] -- Added test 'lint_cmake' to check CMake code style
[0.857s] -- Added test 'uncrustify' to check C / C++ code style
[0.857s] -- Configured uncrustify additional arguments: 
[0.857s] -- Added test 'xmllint' to check XML markup files
[0.859s] -- Configuring done
[0.877s] -- Generating done
[0.880s] -- Build files have been written to: /home/ubuntu/.2023WaterCode.readonly/fishROS_ws/build/examples_rclcpp_cbg_executor
[0.890s] Invoked command in '/home/ubuntu/.2023WaterCode.readonly/fishROS_ws/build/examples_rclcpp_cbg_executor' returned '0': CMAKE_PREFIX_PATH=/opt/ros/humble /usr/bin/cmake /home/ubuntu/.2023WaterCode.readonly/fishROS_ws/src/examples/rclcpp/executors/cbg_executor -DAMENT_CMAKE_SYMLINK_INSTALL=1 -DCMAKE_INSTALL_PREFIX=/home/ubuntu/.2023WaterCode.readonly/fishROS_ws/install/examples_rclcpp_cbg_executor
[0.891s] Invoking command in '/home/ubuntu/.2023WaterCode.readonly/fishROS_ws/build/examples_rclcpp_cbg_executor': CMAKE_PREFIX_PATH=/opt/ros/humble /usr/bin/cmake --build /home/ubuntu/.2023WaterCode.readonly/fishROS_ws/build/examples_rclcpp_cbg_executor -- -j20 -l20
[0.935s] [35m[1mConsolidate compiler generated dependencies of target ping[0m
[0.935s] [35m[1mConsolidate compiler generated dependencies of target pong[0m
[0.936s] [35m[1mConsolidate compiler generated dependencies of target ping_pong[0m
[0.963s] [ 60%] Built target pong
[0.963s] [ 60%] Built target ping
[0.965s] [100%] Built target ping_pong
[0.976s] Invoked command in '/home/ubuntu/.2023WaterCode.readonly/fishROS_ws/build/examples_rclcpp_cbg_executor' returned '0': CMAKE_PREFIX_PATH=/opt/ros/humble /usr/bin/cmake --build /home/ubuntu/.2023WaterCode.readonly/fishROS_ws/build/examples_rclcpp_cbg_executor -- -j20 -l20
[1.023s] Invoking command in '/home/ubuntu/.2023WaterCode.readonly/fishROS_ws/build/examples_rclcpp_cbg_executor': CMAKE_PREFIX_PATH=/opt/ros/humble /usr/bin/cmake --install /home/ubuntu/.2023WaterCode.readonly/fishROS_ws/build/examples_rclcpp_cbg_executor
[1.030s] -- Install configuration: ""
[1.031s] -- Execute custom install script
[1.031s] -- Up-to-date symlink: /home/ubuntu/.2023WaterCode.readonly/fishROS_ws/install/examples_rclcpp_cbg_executor/lib/examples_rclcpp_cbg_executor/ping
[1.031s] -- Up-to-date symlink: /home/ubuntu/.2023WaterCode.readonly/fishROS_ws/install/examples_rclcpp_cbg_executor/lib/examples_rclcpp_cbg_executor/pong
[1.032s] -- Up-to-date symlink: /home/ubuntu/.2023WaterCode.readonly/fishROS_ws/install/examples_rclcpp_cbg_executor/lib/examples_rclcpp_cbg_executor/ping_pong
[1.032s] -- Up-to-date symlink: /home/ubuntu/.2023WaterCode.readonly/fishROS_ws/install/examples_rclcpp_cbg_executor/include/examples_rclcpp_cbg_executor/ping_node.hpp
[1.032s] -- Up-to-date symlink: /home/ubuntu/.2023WaterCode.readonly/fishROS_ws/install/examples_rclcpp_cbg_executor/include/examples_rclcpp_cbg_executor/pong_node.hpp
[1.032s] -- Up-to-date symlink: /home/ubuntu/.2023WaterCode.readonly/fishROS_ws/install/examples_rclcpp_cbg_executor/share/ament_index/resource_index/package_run_dependencies/examples_rclcpp_cbg_executor
[1.032s] -- Up-to-date symlink: /home/ubuntu/.2023WaterCode.readonly/fishROS_ws/install/examples_rclcpp_cbg_executor/share/ament_index/resource_index/parent_prefix_path/examples_rclcpp_cbg_executor
[1.033s] -- Up-to-date symlink: /home/ubuntu/.2023WaterCode.readonly/fishROS_ws/install/examples_rclcpp_cbg_executor/share/examples_rclcpp_cbg_executor/environment/ament_prefix_path.sh
[1.033s] -- Up-to-date symlink: /home/ubuntu/.2023WaterCode.readonly/fishROS_ws/install/examples_rclcpp_cbg_executor/share/examples_rclcpp_cbg_executor/environment/ament_prefix_path.dsv
[1.033s] -- Up-to-date symlink: /home/ubuntu/.2023WaterCode.readonly/fishROS_ws/install/examples_rclcpp_cbg_executor/share/examples_rclcpp_cbg_executor/environment/path.sh
[1.033s] -- Up-to-date symlink: /home/ubuntu/.2023WaterCode.readonly/fishROS_ws/install/examples_rclcpp_cbg_executor/share/examples_rclcpp_cbg_executor/environment/path.dsv
[1.033s] -- Up-to-date symlink: /home/ubuntu/.2023WaterCode.readonly/fishROS_ws/install/examples_rclcpp_cbg_executor/share/examples_rclcpp_cbg_executor/local_setup.bash
[1.033s] -- Up-to-date symlink: /home/ubuntu/.2023WaterCode.readonly/fishROS_ws/install/examples_rclcpp_cbg_executor/share/examples_rclcpp_cbg_executor/local_setup.sh
[1.033s] -- Up-to-date symlink: /home/ubuntu/.2023WaterCode.readonly/fishROS_ws/install/examples_rclcpp_cbg_executor/share/examples_rclcpp_cbg_executor/local_setup.zsh
[1.033s] -- Up-to-date symlink: /home/ubuntu/.2023WaterCode.readonly/fishROS_ws/install/examples_rclcpp_cbg_executor/share/examples_rclcpp_cbg_executor/local_setup.dsv
[1.034s] -- Symlinking: /home/ubuntu/.2023WaterCode.readonly/fishROS_ws/install/examples_rclcpp_cbg_executor/share/examples_rclcpp_cbg_executor/package.dsv
[1.042s] -- Up-to-date symlink: /home/ubuntu/.2023WaterCode.readonly/fishROS_ws/install/examples_rclcpp_cbg_executor/share/ament_index/resource_index/packages/examples_rclcpp_cbg_executor
[1.042s] -- Up-to-date symlink: /home/ubuntu/.2023WaterCode.readonly/fishROS_ws/install/examples_rclcpp_cbg_executor/share/examples_rclcpp_cbg_executor/cmake/ament_cmake_export_dependencies-extras.cmake
[1.042s] -- Up-to-date symlink: /home/ubuntu/.2023WaterCode.readonly/fishROS_ws/install/examples_rclcpp_cbg_executor/share/examples_rclcpp_cbg_executor/cmake/examples_rclcpp_cbg_executorConfig.cmake
[1.043s] -- Up-to-date symlink: /home/ubuntu/.2023WaterCode.readonly/fishROS_ws/install/examples_rclcpp_cbg_executor/share/examples_rclcpp_cbg_executor/cmake/examples_rclcpp_cbg_executorConfig-version.cmake
[1.043s] -- Up-to-date symlink: /home/ubuntu/.2023WaterCode.readonly/fishROS_ws/install/examples_rclcpp_cbg_executor/share/examples_rclcpp_cbg_executor/package.xml
[1.046s] Invoked command in '/home/ubuntu/.2023WaterCode.readonly/fishROS_ws/build/examples_rclcpp_cbg_executor' returned '0': CMAKE_PREFIX_PATH=/opt/ros/humble /usr/bin/cmake --install /home/ubuntu/.2023WaterCode.readonly/fishROS_ws/build/examples_rclcpp_cbg_executor
