[0.486s] Invoking command in '/home/ubuntu/.2023WaterCode.readonly/fishROS_ws/src/examples/rclpy/topics/pointcloud_publisher': PYTHONPATH=/home/ubuntu/.2023WaterCode.readonly/fishROS_ws/build/examples_rclpy_pointcloud_publisher/prefix_override:/home/ubuntu/.2023WaterCode.readonly/fishROS_ws/install/examples_rclpy_pointcloud_publisher/lib/python3.10/site-packages: /usr/bin/python3 setup.py egg_info --egg-base ../../../../../build/examples_rclpy_pointcloud_publisher build --build-base /home/ubuntu/.2023WaterCode.readonly/fishROS_ws/build/examples_rclpy_pointcloud_publisher/build install --record /home/ubuntu/.2023WaterCode.readonly/fishROS_ws/build/examples_rclpy_pointcloud_publisher/install.log --single-version-externally-managed
[0.667s] running egg_info
[0.667s] writing ../../../../../build/examples_rclpy_pointcloud_publisher/examples_rclpy_pointcloud_publisher.egg-info/PKG-INFO
[0.668s] writing dependency_links to ../../../../../build/examples_rclpy_pointcloud_publisher/examples_rclpy_pointcloud_publisher.egg-info/dependency_links.txt
[0.669s] writing entry points to ../../../../../build/examples_rclpy_pointcloud_publisher/examples_rclpy_pointcloud_publisher.egg-info/entry_points.txt
[0.669s] writing requirements to ../../../../../build/examples_rclpy_pointcloud_publisher/examples_rclpy_pointcloud_publisher.egg-info/requires.txt
[0.669s] writing top-level names to ../../../../../build/examples_rclpy_pointcloud_publisher/examples_rclpy_pointcloud_publisher.egg-info/top_level.txt
[0.671s] reading manifest file '../../../../../build/examples_rclpy_pointcloud_publisher/examples_rclpy_pointcloud_publisher.egg-info/SOURCES.txt'
[0.672s] writing manifest file '../../../../../build/examples_rclpy_pointcloud_publisher/examples_rclpy_pointcloud_publisher.egg-info/SOURCES.txt'
[0.672s] running build
[0.672s] running build_py
[0.673s] running install
[0.673s] running install_lib
[0.674s] running install_data
[0.674s] running install_egg_info
[0.676s] removing '/home/ubuntu/.2023WaterCode.readonly/fishROS_ws/install/examples_rclpy_pointcloud_publisher/lib/python3.10/site-packages/examples_rclpy_pointcloud_publisher-0.15.1-py3.10.egg-info' (and everything under it)
[0.676s] Copying ../../../../../build/examples_rclpy_pointcloud_publisher/examples_rclpy_pointcloud_publisher.egg-info to /home/ubuntu/.2023WaterCode.readonly/fishROS_ws/install/examples_rclpy_pointcloud_publisher/lib/python3.10/site-packages/examples_rclpy_pointcloud_publisher-0.15.1-py3.10.egg-info
[0.677s] running install_scripts
[0.699s] Installing pointcloud_publisher script to /home/ubuntu/.2023WaterCode.readonly/fishROS_ws/install/examples_rclpy_pointcloud_publisher/lib/examples_rclpy_pointcloud_publisher
[0.699s] writing list of installed files to '/home/ubuntu/.2023WaterCode.readonly/fishROS_ws/build/examples_rclpy_pointcloud_publisher/install.log'
[0.725s] Invoked command in '/home/ubuntu/.2023WaterCode.readonly/fishROS_ws/src/examples/rclpy/topics/pointcloud_publisher' returned '0': PYTHONPATH=/home/ubuntu/.2023WaterCode.readonly/fishROS_ws/build/examples_rclpy_pointcloud_publisher/prefix_override:/home/ubuntu/.2023WaterCode.readonly/fishROS_ws/install/examples_rclpy_pointcloud_publisher/lib/python3.10/site-packages: /usr/bin/python3 setup.py egg_info --egg-base ../../../../../build/examples_rclpy_pointcloud_publisher build --build-base /home/ubuntu/.2023WaterCode.readonly/fishROS_ws/build/examples_rclpy_pointcloud_publisher/build install --record /home/ubuntu/.2023WaterCode.readonly/fishROS_ws/build/examples_rclpy_pointcloud_publisher/install.log --single-version-externally-managed
