[0.852s] Invoking command in '/home/ubuntu/.2023WaterCode.readonly/fishROS_ws/build/examples_rclpy_executors': PYTHONPATH=/home/ubuntu/.2023WaterCode.readonly/fishROS_ws/build/examples_rclpy_executors/prefix_override:/home/ubuntu/.2023WaterCode.readonly/fishROS_ws/install/examples_rclpy_executors/lib/python3.10/site-packages:${PYTHONPATH} /usr/bin/python3 setup.py develop --editable --build-directory /home/ubuntu/.2023WaterCode.readonly/fishROS_ws/build/examples_rclpy_executors/build --no-deps install_data
[1.109s] running develop
[1.244s] running egg_info
[1.244s] writing examples_rclpy_executors.egg-info/PKG-INFO
[1.244s] writing dependency_links to examples_rclpy_executors.egg-info/dependency_links.txt
[1.245s] writing entry points to examples_rclpy_executors.egg-info/entry_points.txt
[1.245s] writing requirements to examples_rclpy_executors.egg-info/requires.txt
[1.245s] writing top-level names to examples_rclpy_executors.egg-info/top_level.txt
[1.247s] reading manifest file 'examples_rclpy_executors.egg-info/SOURCES.txt'
[1.247s] writing manifest file 'examples_rclpy_executors.egg-info/SOURCES.txt'
[1.249s] running build_ext
[1.249s] Creating /home/ubuntu/.2023WaterCode.readonly/fishROS_ws/install/examples_rclpy_executors/lib/python3.10/site-packages/examples-rclpy-executors.egg-link (link to .)
[1.250s] Installing callback_group script to /home/ubuntu/.2023WaterCode.readonly/fishROS_ws/install/examples_rclpy_executors/lib/examples_rclpy_executors
[1.250s] Installing composed script to /home/ubuntu/.2023WaterCode.readonly/fishROS_ws/install/examples_rclpy_executors/lib/examples_rclpy_executors
[1.250s] Installing custom_callback_group script to /home/ubuntu/.2023WaterCode.readonly/fishROS_ws/install/examples_rclpy_executors/lib/examples_rclpy_executors
[1.250s] Installing custom_executor script to /home/ubuntu/.2023WaterCode.readonly/fishROS_ws/install/examples_rclpy_executors/lib/examples_rclpy_executors
[1.250s] Installing listener script to /home/ubuntu/.2023WaterCode.readonly/fishROS_ws/install/examples_rclpy_executors/lib/examples_rclpy_executors
[1.250s] Installing talker script to /home/ubuntu/.2023WaterCode.readonly/fishROS_ws/install/examples_rclpy_executors/lib/examples_rclpy_executors
[1.250s] 
[1.250s] Installed /home/ubuntu/.2023WaterCode.readonly/fishROS_ws/build/examples_rclpy_executors
[1.250s] running install_data
[1.279s] Invoked command in '/home/ubuntu/.2023WaterCode.readonly/fishROS_ws/build/examples_rclpy_executors' returned '0': PYTHONPATH=/home/ubuntu/.2023WaterCode.readonly/fishROS_ws/build/examples_rclpy_executors/prefix_override:/home/ubuntu/.2023WaterCode.readonly/fishROS_ws/install/examples_rclpy_executors/lib/python3.10/site-packages:${PYTHONPATH} /usr/bin/python3 setup.py develop --editable --build-directory /home/ubuntu/.2023WaterCode.readonly/fishROS_ws/build/examples_rclpy_executors/build --no-deps install_data
