[0.189s] Invoking command in '/home/ubuntu/.2023WaterCode.readonly/fishROS_ws/build/examples_rclcpp_minimal_action_server': CMAKE_PREFIX_PATH=/opt/ros/humble /usr/bin/cmake /home/ubuntu/.2023WaterCode.readonly/fishROS_ws/src/examples/rclcpp/actions/minimal_action_server -DCMAKE_INSTALL_PREFIX=/home/ubuntu/.2023WaterCode.readonly/fishROS_ws/install/examples_rclcpp_minimal_action_server
[4.236s] -- Found ament_cmake: 1.3.5 (/opt/ros/humble/share/ament_cmake/cmake)
[4.237s] -- Override CMake install command with custom implementation using symlinks instead of copying resources
[4.238s] -- Found example_interfaces: 0.9.3 (/opt/ros/humble/share/example_interfaces/cmake)
[4.238s] -- Found rosidl_generator_c: 3.1.5 (/opt/ros/humble/share/rosidl_generator_c/cmake)
[4.239s] -- Found rosidl_adapter: 3.1.5 (/opt/ros/humble/share/rosidl_adapter/cmake)
[4.241s] -- Found rosidl_generator_cpp: 3.1.5 (/opt/ros/humble/share/rosidl_generator_cpp/cmake)
[4.241s] -- Using all available rosidl_typesupport_c: rosidl_typesupport_fastrtps_c;rosidl_typesupport_introspection_c
[4.244s] -- Using all available rosidl_typesupport_cpp: rosidl_typesupport_fastrtps_cpp;rosidl_typesupport_introspection_cpp
[4.244s] -- Found rclcpp: 16.0.5 (/opt/ros/humble/share/rclcpp/cmake)
[4.245s] -- Found rmw_implementation_cmake: 6.1.1 (/opt/ros/humble/share/rmw_implementation_cmake/cmake)
[4.245s] -- Found rmw_fastrtps_cpp: 6.2.3 (/opt/ros/humble/share/rmw_fastrtps_cpp/cmake)
[4.248s] -- Using RMW implementation 'rmw_fastrtps_cpp' as default
[4.248s] -- Found rclcpp_action: 16.0.5 (/opt/ros/humble/share/rclcpp_action/cmake)
[4.249s] -- Found ament_lint_auto: 0.12.7 (/opt/ros/humble/share/ament_lint_auto/cmake)
[4.249s] -- Added test 'copyright' to check source files copyright and LICENSE
[4.250s] -- Added test 'cppcheck' to perform static code analysis on C / C++ code
[4.250s] -- Configured cppcheck include dirs: 
[4.250s] -- Configured cppcheck exclude dirs and/or files: 
[4.250s] -- Added test 'cpplint' to check C / C++ code against the Google style
[4.255s] -- Configured cpplint exclude dirs and/or files: 
[4.256s] -- Added test 'lint_cmake' to check CMake code style
[4.256s] -- Added test 'uncrustify' to check C / C++ code style
[4.257s] -- Configured uncrustify additional arguments: 
[4.258s] -- Added test 'xmllint' to check XML markup files
[4.261s] -- Configuring done
[4.261s] -- Generating done
[4.262s] -- Build files have been written to: /home/ubuntu/.2023WaterCode.readonly/fishROS_ws/build/examples_rclcpp_minimal_action_server
[4.351s] Invoked command in '/home/ubuntu/.2023WaterCode.readonly/fishROS_ws/build/examples_rclcpp_minimal_action_server' returned '0': CMAKE_PREFIX_PATH=/opt/ros/humble /usr/bin/cmake /home/ubuntu/.2023WaterCode.readonly/fishROS_ws/src/examples/rclcpp/actions/minimal_action_server -DCMAKE_INSTALL_PREFIX=/home/ubuntu/.2023WaterCode.readonly/fishROS_ws/install/examples_rclcpp_minimal_action_server
[4.352s] Invoking command in '/home/ubuntu/.2023WaterCode.readonly/fishROS_ws/build/examples_rclcpp_minimal_action_server': CMAKE_PREFIX_PATH=/opt/ros/humble /usr/bin/cmake --build /home/ubuntu/.2023WaterCode.readonly/fishROS_ws/build/examples_rclcpp_minimal_action_server -- -j20 -l20
[4.515s] [ 25%] [32mBuilding CXX object CMakeFiles/action_server_not_composable.dir/not_composable.cpp.o[0m
[4.556s] [ 50%] [32mBuilding CXX object CMakeFiles/action_server_member_functions.dir/member_functions.cpp.o[0m
