[0.016s] Invoking command in '/home/ubuntu/.2023WaterCode.readonly/fishROS_ws/build/cpp_pubsub': CMAKE_PREFIX_PATH=/opt/ros/humble /usr/bin/cmake /home/ubuntu/.2023WaterCode.readonly/fishROS_ws/src/cpp_pubsub -DCMAKE_INSTALL_PREFIX=/home/ubuntu/.2023WaterCode.readonly/fishROS_ws/install/cpp_pubsub
[0.050s] -- The C compiler identification is GNU 11.4.0
[0.083s] -- The CXX compiler identification is GNU 11.4.0
[0.088s] -- Detecting C compiler ABI info
[0.129s] -- Detecting C compiler ABI info - done
[0.136s] -- Check for working C compiler: /usr/bin/cc - skipped
[0.136s] -- Detecting C compile features
[0.136s] -- Detecting C compile features - done
[0.139s] -- Detecting CXX compiler ABI info
[0.185s] -- Detecting CXX compiler ABI info - done
[0.189s] -- Check for working CXX compiler: /usr/bin/c++ - skipped
[0.189s] -- Detecting CXX compile features
[0.190s] -- Detecting CXX compile features - done
[0.192s] -- Found ament_cmake: 1.3.5 (/opt/ros/humble/share/ament_cmake/cmake)
[0.294s] -- Found Python3: /usr/bin/python3.10 (found version "3.10.12") found components: Interpreter 
[0.355s] -- Found rclcpp: 16.0.5 (/opt/ros/humble/share/rclcpp/cmake)
[0.386s] -- Found rosidl_generator_c: 3.1.5 (/opt/ros/humble/share/rosidl_generator_c/cmake)
[0.390s] -- Found rosidl_adapter: 3.1.5 (/opt/ros/humble/share/rosidl_adapter/cmake)
[0.396s] -- Found rosidl_generator_cpp: 3.1.5 (/opt/ros/humble/share/rosidl_generator_cpp/cmake)
[0.405s] -- Using all available rosidl_typesupport_c: rosidl_typesupport_fastrtps_c;rosidl_typesupport_introspection_c
[0.418s] -- Using all available rosidl_typesupport_cpp: rosidl_typesupport_fastrtps_cpp;rosidl_typesupport_introspection_cpp
[0.466s] -- Found rmw_implementation_cmake: 6.1.1 (/opt/ros/humble/share/rmw_implementation_cmake/cmake)
[0.468s] -- Found rmw_fastrtps_cpp: 6.2.3 (/opt/ros/humble/share/rmw_fastrtps_cpp/cmake)
[0.538s] -- Found OpenSSL: /usr/lib/x86_64-linux-gnu/libcrypto.so (found version "3.0.2")  
[0.564s] -- Found FastRTPS: /opt/ros/humble/include  
[0.618s] -- Using RMW implementation 'rmw_fastrtps_cpp' as default
[0.631s] -- Looking for pthread.h
[0.692s] -- Looking for pthread.h - found
[0.692s] -- Performing Test CMAKE_HAVE_LIBC_PTHREAD
[0.746s] -- Performing Test CMAKE_HAVE_LIBC_PTHREAD - Success
[0.747s] -- Found Threads: TRUE  
[0.901s] -- Configuring done
[0.907s] -- Generating done
[0.908s] -- Build files have been written to: /home/ubuntu/.2023WaterCode.readonly/fishROS_ws/build/cpp_pubsub
[0.913s] Invoked command in '/home/ubuntu/.2023WaterCode.readonly/fishROS_ws/build/cpp_pubsub' returned '0': CMAKE_PREFIX_PATH=/opt/ros/humble /usr/bin/cmake /home/ubuntu/.2023WaterCode.readonly/fishROS_ws/src/cpp_pubsub -DCMAKE_INSTALL_PREFIX=/home/ubuntu/.2023WaterCode.readonly/fishROS_ws/install/cpp_pubsub
[0.915s] Invoking command in '/home/ubuntu/.2023WaterCode.readonly/fishROS_ws/build/cpp_pubsub': CMAKE_PREFIX_PATH=/opt/ros/humble /usr/bin/cmake --build /home/ubuntu/.2023WaterCode.readonly/fishROS_ws/build/cpp_pubsub -- -j20 -l20
[0.944s] [ 50%] [32mBuilding CXX object CMakeFiles/talker.dir/src/publisher_member_function.cpp.o[0m
[3.686s] [100%] [32m[1mLinking CXX executable talker[0m
[3.806s] [100%] Built target talker
[3.814s] Invoked command in '/home/ubuntu/.2023WaterCode.readonly/fishROS_ws/build/cpp_pubsub' returned '0': CMAKE_PREFIX_PATH=/opt/ros/humble /usr/bin/cmake --build /home/ubuntu/.2023WaterCode.readonly/fishROS_ws/build/cpp_pubsub -- -j20 -l20
[3.828s] Invoking command in '/home/ubuntu/.2023WaterCode.readonly/fishROS_ws/build/cpp_pubsub': CMAKE_PREFIX_PATH=/opt/ros/humble /usr/bin/cmake --install /home/ubuntu/.2023WaterCode.readonly/fishROS_ws/build/cpp_pubsub
[3.834s] -- Install configuration: ""
[3.834s] -- Installing: /home/ubuntu/.2023WaterCode.readonly/fishROS_ws/install/cpp_pubsub/lib/cpp_pubsub/talker
[3.835s] -- Set runtime path of "/home/ubuntu/.2023WaterCode.readonly/fishROS_ws/install/cpp_pubsub/lib/cpp_pubsub/talker" to ""
[3.835s] -- Installing: /home/ubuntu/.2023WaterCode.readonly/fishROS_ws/install/cpp_pubsub/share/ament_index/resource_index/package_run_dependencies/cpp_pubsub
[3.835s] -- Installing: /home/ubuntu/.2023WaterCode.readonly/fishROS_ws/install/cpp_pubsub/share/ament_index/resource_index/parent_prefix_path/cpp_pubsub
[3.835s] -- Installing: /home/ubuntu/.2023WaterCode.readonly/fishROS_ws/install/cpp_pubsub/share/cpp_pubsub/environment/ament_prefix_path.sh
[3.835s] -- Installing: /home/ubuntu/.2023WaterCode.readonly/fishROS_ws/install/cpp_pubsub/share/cpp_pubsub/environment/ament_prefix_path.dsv
[3.835s] -- Installing: /home/ubuntu/.2023WaterCode.readonly/fishROS_ws/install/cpp_pubsub/share/cpp_pubsub/environment/path.sh
[3.835s] -- Installing: /home/ubuntu/.2023WaterCode.readonly/fishROS_ws/install/cpp_pubsub/share/cpp_pubsub/environment/path.dsv
[3.835s] -- Installing: /home/ubuntu/.2023WaterCode.readonly/fishROS_ws/install/cpp_pubsub/share/cpp_pubsub/local_setup.bash
[3.835s] -- Installing: /home/ubuntu/.2023WaterCode.readonly/fishROS_ws/install/cpp_pubsub/share/cpp_pubsub/local_setup.sh
[3.835s] -- Installing: /home/ubuntu/.2023WaterCode.readonly/fishROS_ws/install/cpp_pubsub/share/cpp_pubsub/local_setup.zsh
[3.835s] -- Installing: /home/ubuntu/.2023WaterCode.readonly/fishROS_ws/install/cpp_pubsub/share/cpp_pubsub/local_setup.dsv
[3.836s] -- Installing: /home/ubuntu/.2023WaterCode.readonly/fishROS_ws/install/cpp_pubsub/share/cpp_pubsub/package.dsv
[3.836s] -- Installing: /home/ubuntu/.2023WaterCode.readonly/fishROS_ws/install/cpp_pubsub/share/ament_index/resource_index/packages/cpp_pubsub
[3.836s] -- Installing: /home/ubuntu/.2023WaterCode.readonly/fishROS_ws/install/cpp_pubsub/share/cpp_pubsub/cmake/cpp_pubsubConfig.cmake
[3.836s] -- Installing: /home/ubuntu/.2023WaterCode.readonly/fishROS_ws/install/cpp_pubsub/share/cpp_pubsub/cmake/cpp_pubsubConfig-version.cmake
[3.836s] -- Installing: /home/ubuntu/.2023WaterCode.readonly/fishROS_ws/install/cpp_pubsub/share/cpp_pubsub/package.xml
[3.839s] Invoked command in '/home/ubuntu/.2023WaterCode.readonly/fishROS_ws/build/cpp_pubsub' returned '0': CMAKE_PREFIX_PATH=/opt/ros/humble /usr/bin/cmake --install /home/ubuntu/.2023WaterCode.readonly/fishROS_ws/build/cpp_pubsub
