[18.409s] Invoking command in '/home/ubuntu/.2023WaterCode.readonly/fishROS_ws/build/examples_rclpy_minimal_service': PYTHONPATH=/home/ubuntu/.2023WaterCode.readonly/fishROS_ws/build/examples_rclpy_minimal_service/prefix_override:/home/ubuntu/.2023WaterCode.readonly/fishROS_ws/install/examples_rclpy_minimal_service/lib/python3.10/site-packages: /usr/bin/python3 setup.py develop --uninstall --editable --build-directory /home/ubuntu/.2023WaterCode.readonly/fishROS_ws/build/examples_rclpy_minimal_service/build
[21.465s] running develop
[22.116s] Invoked command in '/home/ubuntu/.2023WaterCode.readonly/fishROS_ws/build/examples_rclpy_minimal_service' returned '0': PYTHONPATH=/home/ubuntu/.2023WaterCode.readonly/fishROS_ws/build/examples_rclpy_minimal_service/prefix_override:/home/ubuntu/.2023WaterCode.readonly/fishROS_ws/install/examples_rclpy_minimal_service/lib/python3.10/site-packages: /usr/bin/python3 setup.py develop --uninstall --editable --build-directory /home/ubuntu/.2023WaterCode.readonly/fishROS_ws/build/examples_rclpy_minimal_service/build
[22.130s] Invoking command in '/home/ubuntu/.2023WaterCode.readonly/fishROS_ws/src/examples/rclpy/services/minimal_service': PYTHONPATH=/home/ubuntu/.2023WaterCode.readonly/fishROS_ws/build/examples_rclpy_minimal_service/prefix_override:/home/ubuntu/.2023WaterCode.readonly/fishROS_ws/install/examples_rclpy_minimal_service/lib/python3.10/site-packages: /usr/bin/python3 setup.py egg_info --egg-base ../../../../../build/examples_rclpy_minimal_service build --build-base /home/ubuntu/.2023WaterCode.readonly/fishROS_ws/build/examples_rclpy_minimal_service/build install --record /home/ubuntu/.2023WaterCode.readonly/fishROS_ws/build/examples_rclpy_minimal_service/install.log --single-version-externally-managed
[79.146s] running egg_info
[79.146s] writing ../../../../../build/examples_rclpy_minimal_service/examples_rclpy_minimal_service.egg-info/PKG-INFO
[79.146s] writing dependency_links to ../../../../../build/examples_rclpy_minimal_service/examples_rclpy_minimal_service.egg-info/dependency_links.txt
[79.147s] writing entry points to ../../../../../build/examples_rclpy_minimal_service/examples_rclpy_minimal_service.egg-info/entry_points.txt
[79.147s] writing requirements to ../../../../../build/examples_rclpy_minimal_service/examples_rclpy_minimal_service.egg-info/requires.txt
[79.147s] writing top-level names to ../../../../../build/examples_rclpy_minimal_service/examples_rclpy_minimal_service.egg-info/top_level.txt
[79.147s] reading manifest file '../../../../../build/examples_rclpy_minimal_service/examples_rclpy_minimal_service.egg-info/SOURCES.txt'
[79.148s] writing manifest file '../../../../../build/examples_rclpy_minimal_service/examples_rclpy_minimal_service.egg-info/SOURCES.txt'
[79.150s] running build
[79.150s] running build_py
[79.150s] creating /home/ubuntu/.2023WaterCode.readonly/fishROS_ws/build/examples_rclpy_minimal_service/build
[79.150s] creating /home/ubuntu/.2023WaterCode.readonly/fishROS_ws/build/examples_rclpy_minimal_service/build/lib
[79.151s] creating /home/ubuntu/.2023WaterCode.readonly/fishROS_ws/build/examples_rclpy_minimal_service/build/lib/examples_rclpy_minimal_service
[79.151s] copying examples_rclpy_minimal_service/service_member_function.py -> /home/ubuntu/.2023WaterCode.readonly/fishROS_ws/build/examples_rclpy_minimal_service/build/lib/examples_rclpy_minimal_service
[79.151s] copying examples_rclpy_minimal_service/service.py -> /home/ubuntu/.2023WaterCode.readonly/fishROS_ws/build/examples_rclpy_minimal_service/build/lib/examples_rclpy_minimal_service
[79.151s] copying examples_rclpy_minimal_service/__init__.py -> /home/ubuntu/.2023WaterCode.readonly/fishROS_ws/build/examples_rclpy_minimal_service/build/lib/examples_rclpy_minimal_service
[79.151s] running install
[79.151s] running install_lib
[79.152s] creating /home/ubuntu/.2023WaterCode.readonly/fishROS_ws/install/examples_rclpy_minimal_service/lib/python3.10/site-packages/examples_rclpy_minimal_service
[79.152s] copying /home/ubuntu/.2023WaterCode.readonly/fishROS_ws/build/examples_rclpy_minimal_service/build/lib/examples_rclpy_minimal_service/service_member_function.py -> /home/ubuntu/.2023WaterCode.readonly/fishROS_ws/install/examples_rclpy_minimal_service/lib/python3.10/site-packages/examples_rclpy_minimal_service
[79.152s] copying /home/ubuntu/.2023WaterCode.readonly/fishROS_ws/build/examples_rclpy_minimal_service/build/lib/examples_rclpy_minimal_service/service.py -> /home/ubuntu/.2023WaterCode.readonly/fishROS_ws/install/examples_rclpy_minimal_service/lib/python3.10/site-packages/examples_rclpy_minimal_service
[79.152s] copying /home/ubuntu/.2023WaterCode.readonly/fishROS_ws/build/examples_rclpy_minimal_service/build/lib/examples_rclpy_minimal_service/__init__.py -> /home/ubuntu/.2023WaterCode.readonly/fishROS_ws/install/examples_rclpy_minimal_service/lib/python3.10/site-packages/examples_rclpy_minimal_service
[79.153s] byte-compiling /home/ubuntu/.2023WaterCode.readonly/fishROS_ws/install/examples_rclpy_minimal_service/lib/python3.10/site-packages/examples_rclpy_minimal_service/service_member_function.py to service_member_function.cpython-310.pyc
[79.153s] byte-compiling /home/ubuntu/.2023WaterCode.readonly/fishROS_ws/install/examples_rclpy_minimal_service/lib/python3.10/site-packages/examples_rclpy_minimal_service/service.py to service.cpython-310.pyc
[79.153s] byte-compiling /home/ubuntu/.2023WaterCode.readonly/fishROS_ws/install/examples_rclpy_minimal_service/lib/python3.10/site-packages/examples_rclpy_minimal_service/__init__.py to __init__.cpython-310.pyc
[79.153s] running install_data
[79.153s] running install_egg_info
[79.153s] Copying ../../../../../build/examples_rclpy_minimal_service/examples_rclpy_minimal_service.egg-info to /home/ubuntu/.2023WaterCode.readonly/fishROS_ws/install/examples_rclpy_minimal_service/lib/python3.10/site-packages/examples_rclpy_minimal_service-0.15.1-py3.10.egg-info
[79.154s] running install_scripts
[79.154s] Installing service script to /home/ubuntu/.2023WaterCode.readonly/fishROS_ws/install/examples_rclpy_minimal_service/lib/examples_rclpy_minimal_service
[79.154s] Installing service_member_function script to /home/ubuntu/.2023WaterCode.readonly/fishROS_ws/install/examples_rclpy_minimal_service/lib/examples_rclpy_minimal_service
[79.154s] writing list of installed files to '/home/ubuntu/.2023WaterCode.readonly/fishROS_ws/build/examples_rclpy_minimal_service/install.log'
[79.193s] Invoked command in '/home/ubuntu/.2023WaterCode.readonly/fishROS_ws/src/examples/rclpy/services/minimal_service' returned '0': PYTHONPATH=/home/ubuntu/.2023WaterCode.readonly/fishROS_ws/build/examples_rclpy_minimal_service/prefix_override:/home/ubuntu/.2023WaterCode.readonly/fishROS_ws/install/examples_rclpy_minimal_service/lib/python3.10/site-packages: /usr/bin/python3 setup.py egg_info --egg-base ../../../../../build/examples_rclpy_minimal_service build --build-base /home/ubuntu/.2023WaterCode.readonly/fishROS_ws/build/examples_rclpy_minimal_service/build install --record /home/ubuntu/.2023WaterCode.readonly/fishROS_ws/build/examples_rclpy_minimal_service/install.log --single-version-externally-managed
