[0.126s] Invoking command in '/home/ubuntu/.2023WaterCode.readonly/fishROS_ws/build/examples_rclcpp_cbg_executor': CMAKE_PREFIX_PATH=/opt/ros/humble /usr/bin/cmake /home/ubuntu/.2023WaterCode.readonly/fishROS_ws/src/examples/rclcpp/executors/cbg_executor -DAMENT_CMAKE_SYMLINK_INSTALL=1 -DCMAKE_INSTALL_PREFIX=/home/ubuntu/.2023WaterCode.readonly/fishROS_ws/install/examples_rclcpp_cbg_executor
[3.150s] -- The C compiler identification is GNU 11.4.0
[3.150s] -- The CXX compiler identification is GNU 11.4.0
[3.150s] -- Detecting C compiler ABI info
[3.150s] -- Detecting C compiler ABI info - done
[3.151s] -- Check for working C compiler: /usr/bin/cc - skipped
[3.151s] -- Detecting C compile features
[3.151s] -- Detecting C compile features - done
[3.151s] -- Detecting CXX compiler ABI info
[3.151s] -- Detecting CXX compiler ABI info - done
[3.151s] -- Check for working CXX compiler: /usr/bin/c++ - skipped
[3.151s] -- Detecting CXX compile features
[3.151s] -- Detecting CXX compile features - done
[3.151s] -- Found ament_cmake: 1.3.5 (/opt/ros/humble/share/ament_cmake/cmake)
[3.151s] -- Found Python3: /usr/bin/python3.10 (found version "3.10.12") found components: Interpreter 
[3.151s] -- Override CMake install command with custom implementation using symlinks instead of copying resources
[3.151s] -- Found rclcpp: 16.0.5 (/opt/ros/humble/share/rclcpp/cmake)
[3.151s] -- Found rosidl_generator_c: 3.1.5 (/opt/ros/humble/share/rosidl_generator_c/cmake)
[3.151s] -- Found rosidl_adapter: 3.1.5 (/opt/ros/humble/share/rosidl_adapter/cmake)
[3.151s] -- Found rosidl_generator_cpp: 3.1.5 (/opt/ros/humble/share/rosidl_generator_cpp/cmake)
[3.151s] -- Using all available rosidl_typesupport_c: rosidl_typesupport_fastrtps_c;rosidl_typesupport_introspection_c
[3.151s] -- Using all available rosidl_typesupport_cpp: rosidl_typesupport_fastrtps_cpp;rosidl_typesupport_introspection_cpp
[3.151s] -- Found rmw_implementation_cmake: 6.1.1 (/opt/ros/humble/share/rmw_implementation_cmake/cmake)
[3.151s] -- Found rmw_fastrtps_cpp: 6.2.3 (/opt/ros/humble/share/rmw_fastrtps_cpp/cmake)
[3.151s] -- Found OpenSSL: /usr/lib/x86_64-linux-gnu/libcrypto.so (found version "3.0.2")  
[3.152s] -- Found FastRTPS: /opt/ros/humble/include  
[3.152s] -- Using RMW implementation 'rmw_fastrtps_cpp' as default
[3.152s] -- Looking for pthread.h
[3.152s] -- Looking for pthread.h - found
[3.152s] -- Performing Test CMAKE_HAVE_LIBC_PTHREAD
[3.154s] -- Performing Test CMAKE_HAVE_LIBC_PTHREAD - Success
[3.154s] -- Found Threads: TRUE  
[3.155s] -- Found ament_lint_auto: 0.12.7 (/opt/ros/humble/share/ament_lint_auto/cmake)
[3.155s] -- Added test 'copyright' to check source files copyright and LICENSE
[3.156s] -- Added test 'cppcheck' to perform static code analysis on C / C++ code
[3.156s] -- Configured cppcheck include dirs: /home/ubuntu/.2023WaterCode.readonly/fishROS_ws/src/examples/rclcpp/executors/cbg_executor/include
[3.157s] -- Configured cppcheck exclude dirs and/or files: 
[3.157s] -- Added test 'cpplint' to check C / C++ code against the Google style
[3.157s] -- Configured cpplint exclude dirs and/or files: 
[3.157s] -- Added test 'lint_cmake' to check CMake code style
[3.157s] -- Added test 'uncrustify' to check C / C++ code style
[3.157s] -- Configured uncrustify additional arguments: 
[3.157s] -- Added test 'xmllint' to check XML markup files
[3.157s] -- Configuring done
[3.158s] -- Generating done
[3.158s] -- Build files have been written to: /home/ubuntu/.2023WaterCode.readonly/fishROS_ws/build/examples_rclcpp_cbg_executor
[3.206s] Invoked command in '/home/ubuntu/.2023WaterCode.readonly/fishROS_ws/build/examples_rclcpp_cbg_executor' returned '0': CMAKE_PREFIX_PATH=/opt/ros/humble /usr/bin/cmake /home/ubuntu/.2023WaterCode.readonly/fishROS_ws/src/examples/rclcpp/executors/cbg_executor -DAMENT_CMAKE_SYMLINK_INSTALL=1 -DCMAKE_INSTALL_PREFIX=/home/ubuntu/.2023WaterCode.readonly/fishROS_ws/install/examples_rclcpp_cbg_executor
[3.209s] Invoking command in '/home/ubuntu/.2023WaterCode.readonly/fishROS_ws/build/examples_rclcpp_cbg_executor': CMAKE_PREFIX_PATH=/opt/ros/humble /usr/bin/cmake --build /home/ubuntu/.2023WaterCode.readonly/fishROS_ws/build/examples_rclcpp_cbg_executor -- -j20 -l20
[3.308s] [ 10%] [32mBuilding CXX object CMakeFiles/ping.dir/src/examples_rclcpp_cbg_executor/ping_node.cpp.o[0m
[3.316s] [ 20%] [32mBuilding CXX object CMakeFiles/ping.dir/src/ping.cpp.o[0m
[3.352s] [ 40%] [32mBuilding CXX object CMakeFiles/pong.dir/src/pong.cpp.o[0m
[3.352s] [ 40%] [32mBuilding CXX object CMakeFiles/ping_pong.dir/src/ping_pong.cpp.o[0m
[3.395s] [ 50%] [32mBuilding CXX object CMakeFiles/ping_pong.dir/src/examples_rclcpp_cbg_executor/ping_node.cpp.o[0m
[3.395s] [ 60%] [32mBuilding CXX object CMakeFiles/pong.dir/src/examples_rclcpp_cbg_executor/pong_node.cpp.o[0m
[3.400s] [ 70%] [32mBuilding CXX object CMakeFiles/ping_pong.dir/src/examples_rclcpp_cbg_executor/pong_node.cpp.o[0m
