[0.407s] Invoking command in '/home/ubuntu/.2023WaterCode.readonly/fishROS_ws/build/examples_rclpy_executors': PYTHONPATH=/home/ubuntu/.2023WaterCode.readonly/fishROS_ws/build/examples_rclpy_executors/prefix_override:/home/ubuntu/.2023WaterCode.readonly/fishROS_ws/install/examples_rclpy_executors/lib/python3.10/site-packages:${PYTHONPATH} /usr/bin/python3 setup.py develop --uninstall --editable --build-directory /home/ubuntu/.2023WaterCode.readonly/fishROS_ws/build/examples_rclpy_executors/build
[0.571s] running develop
[0.657s] Removing /home/ubuntu/.2023WaterCode.readonly/fishROS_ws/install/examples_rclpy_executors/lib/python3.10/site-packages/examples-rclpy-executors.egg-link (link to .)
[0.676s] Invoked command in '/home/ubuntu/.2023WaterCode.readonly/fishROS_ws/build/examples_rclpy_executors' returned '0': PYTHONPATH=/home/ubuntu/.2023WaterCode.readonly/fishROS_ws/build/examples_rclpy_executors/prefix_override:/home/ubuntu/.2023WaterCode.readonly/fishROS_ws/install/examples_rclpy_executors/lib/python3.10/site-packages:${PYTHONPATH} /usr/bin/python3 setup.py develop --uninstall --editable --build-directory /home/ubuntu/.2023WaterCode.readonly/fishROS_ws/build/examples_rclpy_executors/build
[0.677s] Invoking command in '/home/ubuntu/.2023WaterCode.readonly/fishROS_ws/src/examples/rclpy/executors': PYTHONPATH=/home/ubuntu/.2023WaterCode.readonly/fishROS_ws/build/examples_rclpy_executors/prefix_override:/home/ubuntu/.2023WaterCode.readonly/fishROS_ws/install/examples_rclpy_executors/lib/python3.10/site-packages:${PYTHONPATH} /usr/bin/python3 setup.py egg_info --egg-base ../../../../build/examples_rclpy_executors build --build-base /home/ubuntu/.2023WaterCode.readonly/fishROS_ws/build/examples_rclpy_executors/build install --record /home/ubuntu/.2023WaterCode.readonly/fishROS_ws/build/examples_rclpy_executors/install.log --single-version-externally-managed
[0.829s] running egg_info
[0.829s] writing ../../../../build/examples_rclpy_executors/examples_rclpy_executors.egg-info/PKG-INFO
[0.829s] writing dependency_links to ../../../../build/examples_rclpy_executors/examples_rclpy_executors.egg-info/dependency_links.txt
[0.830s] writing entry points to ../../../../build/examples_rclpy_executors/examples_rclpy_executors.egg-info/entry_points.txt
[0.830s] writing requirements to ../../../../build/examples_rclpy_executors/examples_rclpy_executors.egg-info/requires.txt
[0.830s] writing top-level names to ../../../../build/examples_rclpy_executors/examples_rclpy_executors.egg-info/top_level.txt
[0.831s] reading manifest file '../../../../build/examples_rclpy_executors/examples_rclpy_executors.egg-info/SOURCES.txt'
[0.832s] writing manifest file '../../../../build/examples_rclpy_executors/examples_rclpy_executors.egg-info/SOURCES.txt'
[0.832s] running build
[0.832s] running build_py
[0.832s] running install
[0.833s] running install_lib
[0.833s] creating /home/ubuntu/.2023WaterCode.readonly/fishROS_ws/install/examples_rclpy_executors/lib/python3.10/site-packages/examples_rclpy_executors
[0.833s] copying /home/ubuntu/.2023WaterCode.readonly/fishROS_ws/build/examples_rclpy_executors/build/lib/examples_rclpy_executors/composed.py -> /home/ubuntu/.2023WaterCode.readonly/fishROS_ws/install/examples_rclpy_executors/lib/python3.10/site-packages/examples_rclpy_executors
[0.833s] copying /home/ubuntu/.2023WaterCode.readonly/fishROS_ws/build/examples_rclpy_executors/build/lib/examples_rclpy_executors/talker.py -> /home/ubuntu/.2023WaterCode.readonly/fishROS_ws/install/examples_rclpy_executors/lib/python3.10/site-packages/examples_rclpy_executors
[0.834s] copying /home/ubuntu/.2023WaterCode.readonly/fishROS_ws/build/examples_rclpy_executors/build/lib/examples_rclpy_executors/listener.py -> /home/ubuntu/.2023WaterCode.readonly/fishROS_ws/install/examples_rclpy_executors/lib/python3.10/site-packages/examples_rclpy_executors
[0.834s] copying /home/ubuntu/.2023WaterCode.readonly/fishROS_ws/build/examples_rclpy_executors/build/lib/examples_rclpy_executors/custom_executor.py -> /home/ubuntu/.2023WaterCode.readonly/fishROS_ws/install/examples_rclpy_executors/lib/python3.10/site-packages/examples_rclpy_executors
[0.834s] copying /home/ubuntu/.2023WaterCode.readonly/fishROS_ws/build/examples_rclpy_executors/build/lib/examples_rclpy_executors/callback_group.py -> /home/ubuntu/.2023WaterCode.readonly/fishROS_ws/install/examples_rclpy_executors/lib/python3.10/site-packages/examples_rclpy_executors
[0.834s] copying /home/ubuntu/.2023WaterCode.readonly/fishROS_ws/build/examples_rclpy_executors/build/lib/examples_rclpy_executors/custom_callback_group.py -> /home/ubuntu/.2023WaterCode.readonly/fishROS_ws/install/examples_rclpy_executors/lib/python3.10/site-packages/examples_rclpy_executors
[0.834s] copying /home/ubuntu/.2023WaterCode.readonly/fishROS_ws/build/examples_rclpy_executors/build/lib/examples_rclpy_executors/__init__.py -> /home/ubuntu/.2023WaterCode.readonly/fishROS_ws/install/examples_rclpy_executors/lib/python3.10/site-packages/examples_rclpy_executors
[0.834s] byte-compiling /home/ubuntu/.2023WaterCode.readonly/fishROS_ws/install/examples_rclpy_executors/lib/python3.10/site-packages/examples_rclpy_executors/composed.py to composed.cpython-310.pyc
[0.834s] byte-compiling /home/ubuntu/.2023WaterCode.readonly/fishROS_ws/install/examples_rclpy_executors/lib/python3.10/site-packages/examples_rclpy_executors/talker.py to talker.cpython-310.pyc
[0.834s] byte-compiling /home/ubuntu/.2023WaterCode.readonly/fishROS_ws/install/examples_rclpy_executors/lib/python3.10/site-packages/examples_rclpy_executors/listener.py to listener.cpython-310.pyc
[0.835s] byte-compiling /home/ubuntu/.2023WaterCode.readonly/fishROS_ws/install/examples_rclpy_executors/lib/python3.10/site-packages/examples_rclpy_executors/custom_executor.py to custom_executor.cpython-310.pyc
[0.835s] byte-compiling /home/ubuntu/.2023WaterCode.readonly/fishROS_ws/install/examples_rclpy_executors/lib/python3.10/site-packages/examples_rclpy_executors/callback_group.py to callback_group.cpython-310.pyc
[0.835s] byte-compiling /home/ubuntu/.2023WaterCode.readonly/fishROS_ws/install/examples_rclpy_executors/lib/python3.10/site-packages/examples_rclpy_executors/custom_callback_group.py to custom_callback_group.cpython-310.pyc
[0.836s] byte-compiling /home/ubuntu/.2023WaterCode.readonly/fishROS_ws/install/examples_rclpy_executors/lib/python3.10/site-packages/examples_rclpy_executors/__init__.py to __init__.cpython-310.pyc
[0.836s] running install_data
[0.836s] running install_egg_info
[0.837s] Copying ../../../../build/examples_rclpy_executors/examples_rclpy_executors.egg-info to /home/ubuntu/.2023WaterCode.readonly/fishROS_ws/install/examples_rclpy_executors/lib/python3.10/site-packages/examples_rclpy_executors-0.15.1-py3.10.egg-info
[0.838s] running install_scripts
[0.859s] Installing callback_group script to /home/ubuntu/.2023WaterCode.readonly/fishROS_ws/install/examples_rclpy_executors/lib/examples_rclpy_executors
[0.859s] Installing composed script to /home/ubuntu/.2023WaterCode.readonly/fishROS_ws/install/examples_rclpy_executors/lib/examples_rclpy_executors
[0.859s] Installing custom_callback_group script to /home/ubuntu/.2023WaterCode.readonly/fishROS_ws/install/examples_rclpy_executors/lib/examples_rclpy_executors
[0.859s] Installing custom_executor script to /home/ubuntu/.2023WaterCode.readonly/fishROS_ws/install/examples_rclpy_executors/lib/examples_rclpy_executors
[0.859s] Installing listener script to /home/ubuntu/.2023WaterCode.readonly/fishROS_ws/install/examples_rclpy_executors/lib/examples_rclpy_executors
[0.859s] Installing talker script to /home/ubuntu/.2023WaterCode.readonly/fishROS_ws/install/examples_rclpy_executors/lib/examples_rclpy_executors
[0.860s] writing list of installed files to '/home/ubuntu/.2023WaterCode.readonly/fishROS_ws/build/examples_rclpy_executors/install.log'
[0.883s] Invoked command in '/home/ubuntu/.2023WaterCode.readonly/fishROS_ws/src/examples/rclpy/executors' returned '0': PYTHONPATH=/home/ubuntu/.2023WaterCode.readonly/fishROS_ws/build/examples_rclpy_executors/prefix_override:/home/ubuntu/.2023WaterCode.readonly/fishROS_ws/install/examples_rclpy_executors/lib/python3.10/site-packages:${PYTHONPATH} /usr/bin/python3 setup.py egg_info --egg-base ../../../../build/examples_rclpy_executors build --build-base /home/ubuntu/.2023WaterCode.readonly/fishROS_ws/build/examples_rclpy_executors/build install --record /home/ubuntu/.2023WaterCode.readonly/fishROS_ws/build/examples_rclpy_executors/install.log --single-version-externally-managed
