[0.124s] Invoking command in '/home/ubuntu/.2023WaterCode.readonly/fishROS_ws/build/examples_rclcpp_minimal_action_client': CMAKE_PREFIX_PATH=/opt/ros/humble /usr/bin/cmake /home/ubuntu/.2023WaterCode.readonly/fishROS_ws/src/examples/rclcpp/actions/minimal_action_client -DAMENT_CMAKE_SYMLINK_INSTALL=1 -DCMAKE_INSTALL_PREFIX=/home/ubuntu/.2023WaterCode.readonly/fishROS_ws/install/examples_rclcpp_minimal_action_client
[3.154s] -- The C compiler identification is GNU 11.4.0
[3.154s] -- The CXX compiler identification is GNU 11.4.0
[3.154s] -- Detecting C compiler ABI info
[3.154s] -- Detecting C compiler ABI info - done
[3.154s] -- Check for working C compiler: /usr/bin/cc - skipped
[3.154s] -- Detecting C compile features
[3.154s] -- Detecting C compile features - done
[3.154s] -- Detecting CXX compiler ABI info
[3.154s] -- Detecting CXX compiler ABI info - done
[3.154s] -- Check for working CXX compiler: /usr/bin/c++ - skipped
[3.154s] -- Detecting CXX compile features
[3.154s] -- Detecting CXX compile features - done
[3.154s] -- Found ament_cmake: 1.3.5 (/opt/ros/humble/share/ament_cmake/cmake)
[3.154s] -- Found Python3: /usr/bin/python3.10 (found version "3.10.12") found components: Interpreter 
[3.154s] -- Override CMake install command with custom implementation using symlinks instead of copying resources
[3.154s] -- Found example_interfaces: 0.9.3 (/opt/ros/humble/share/example_interfaces/cmake)
[3.154s] -- Found rosidl_generator_c: 3.1.5 (/opt/ros/humble/share/rosidl_generator_c/cmake)
[3.154s] -- Found rosidl_adapter: 3.1.5 (/opt/ros/humble/share/rosidl_adapter/cmake)
[3.155s] -- Found rosidl_generator_cpp: 3.1.5 (/opt/ros/humble/share/rosidl_generator_cpp/cmake)
[3.155s] -- Using all available rosidl_typesupport_c: rosidl_typesupport_fastrtps_c;rosidl_typesupport_introspection_c
[3.155s] -- Using all available rosidl_typesupport_cpp: rosidl_typesupport_fastrtps_cpp;rosidl_typesupport_introspection_cpp
[3.155s] -- Found rclcpp: 16.0.5 (/opt/ros/humble/share/rclcpp/cmake)
[3.155s] -- Found rmw_implementation_cmake: 6.1.1 (/opt/ros/humble/share/rmw_implementation_cmake/cmake)
[3.155s] -- Found rmw_fastrtps_cpp: 6.2.3 (/opt/ros/humble/share/rmw_fastrtps_cpp/cmake)
[3.155s] -- Found OpenSSL: /usr/lib/x86_64-linux-gnu/libcrypto.so (found version "3.0.2")  
[3.155s] -- Found FastRTPS: /opt/ros/humble/include  
[3.155s] -- Using RMW implementation 'rmw_fastrtps_cpp' as default
[3.155s] -- Looking for pthread.h
[3.155s] -- Looking for pthread.h - found
[3.155s] -- Performing Test CMAKE_HAVE_LIBC_PTHREAD
[3.155s] -- Performing Test CMAKE_HAVE_LIBC_PTHREAD - Success
[3.155s] -- Found Threads: TRUE  
[3.155s] -- Found rclcpp_action: 16.0.5 (/opt/ros/humble/share/rclcpp_action/cmake)
[3.155s] -- Found ament_lint_auto: 0.12.7 (/opt/ros/humble/share/ament_lint_auto/cmake)
[3.155s] -- Added test 'copyright' to check source files copyright and LICENSE
[3.155s] -- Added test 'cppcheck' to perform static code analysis on C / C++ code
[3.155s] -- Configured cppcheck include dirs: 
[3.156s] -- Configured cppcheck exclude dirs and/or files: 
[3.156s] -- Added test 'cpplint' to check C / C++ code against the Google style
[3.156s] -- Configured cpplint exclude dirs and/or files: 
[3.156s] -- Added test 'lint_cmake' to check CMake code style
[3.156s] -- Added test 'uncrustify' to check C / C++ code style
[3.156s] -- Configured uncrustify additional arguments: 
[3.156s] -- Added test 'xmllint' to check XML markup files
[3.156s] -- Configuring done
[3.156s] -- Generating done
[3.156s] -- Build files have been written to: /home/ubuntu/.2023WaterCode.readonly/fishROS_ws/build/examples_rclcpp_minimal_action_client
[3.220s] Invoked command in '/home/ubuntu/.2023WaterCode.readonly/fishROS_ws/build/examples_rclcpp_minimal_action_client' returned '0': CMAKE_PREFIX_PATH=/opt/ros/humble /usr/bin/cmake /home/ubuntu/.2023WaterCode.readonly/fishROS_ws/src/examples/rclcpp/actions/minimal_action_client -DAMENT_CMAKE_SYMLINK_INSTALL=1 -DCMAKE_INSTALL_PREFIX=/home/ubuntu/.2023WaterCode.readonly/fishROS_ws/install/examples_rclcpp_minimal_action_client
[3.227s] Invoking command in '/home/ubuntu/.2023WaterCode.readonly/fishROS_ws/build/examples_rclcpp_minimal_action_client': CMAKE_PREFIX_PATH=/opt/ros/humble /usr/bin/cmake --build /home/ubuntu/.2023WaterCode.readonly/fishROS_ws/build/examples_rclcpp_minimal_action_client -- -j20 -l20
[3.394s] [ 12%] [32mBuilding CXX object CMakeFiles/action_client_not_composable_with_feedback.dir/not_composable_with_feedback.cpp.o[0m
[3.461s] [ 25%] [32mBuilding CXX object CMakeFiles/action_client_not_composable_with_cancel.dir/not_composable_with_cancel.cpp.o[0m
[3.478s] [ 37%] [32mBuilding CXX object CMakeFiles/action_client_member_functions.dir/member_functions.cpp.o[0m
[3.482s] [ 50%] [32mBuilding CXX object CMakeFiles/action_client_not_composable.dir/not_composable.cpp.o[0m
