[0.163s] Invoking command in '/home/ubuntu/.2023WaterCode.readonly/fishROS_ws/build/my_package': CMAKE_PREFIX_PATH=/opt/ros/humble /usr/bin/cmake /home/ubuntu/.2023WaterCode.readonly/fishROS_ws/src/my_package -DCMAKE_INSTALL_PREFIX=/home/ubuntu/.2023WaterCode.readonly/fishROS_ws/install/my_package
[0.195s] -- The C compiler identification is GNU 11.4.0
[0.234s] -- The CXX compiler identification is GNU 11.4.0
[0.239s] -- Detecting C compiler ABI info
[0.281s] -- Detecting C compiler ABI info - done
[0.286s] -- Check for working C compiler: /usr/bin/cc - skipped
[0.286s] -- Detecting C compile features
[0.286s] -- Detecting C compile features - done
[0.288s] -- Detecting CXX compiler ABI info
[0.339s] -- Detecting CXX compiler ABI info - done
[0.346s] -- Check for working CXX compiler: /usr/bin/c++ - skipped
[0.346s] -- Detecting CXX compile features
[0.346s] -- Detecting CXX compile features - done
[0.349s] -- Found ament_cmake: 1.3.5 (/opt/ros/humble/share/ament_cmake/cmake)
[0.463s] -- Found Python3: /usr/bin/python3.10 (found version "3.10.12") found components: Interpreter 
[0.530s] -- Found ament_lint_auto: 0.12.7 (/opt/ros/humble/share/ament_lint_auto/cmake)
[0.584s] -- Added test 'cppcheck' to perform static code analysis on C / C++ code
[0.584s] -- Configured cppcheck include dirs: $<BUILD_INTERFACE:/home/ubuntu/.2023WaterCode.readonly/fishROS_ws/src/my_package/include>
[0.584s] -- Configured cppcheck exclude dirs and/or files: 
[0.584s] -- Added test 'lint_cmake' to check CMake code style
[0.585s] -- Added test 'uncrustify' to check C / C++ code style
[0.585s] -- Configured uncrustify additional arguments: 
[0.585s] -- Added test 'xmllint' to check XML markup files
[0.586s] -- Configuring done
[0.589s] -- Generating done
[0.589s] -- Build files have been written to: /home/ubuntu/.2023WaterCode.readonly/fishROS_ws/build/my_package
[0.618s] Invoked command in '/home/ubuntu/.2023WaterCode.readonly/fishROS_ws/build/my_package' returned '0': CMAKE_PREFIX_PATH=/opt/ros/humble /usr/bin/cmake /home/ubuntu/.2023WaterCode.readonly/fishROS_ws/src/my_package -DCMAKE_INSTALL_PREFIX=/home/ubuntu/.2023WaterCode.readonly/fishROS_ws/install/my_package
[0.619s] Invoking command in '/home/ubuntu/.2023WaterCode.readonly/fishROS_ws/build/my_package': CMAKE_PREFIX_PATH=/opt/ros/humble /usr/bin/cmake --build /home/ubuntu/.2023WaterCode.readonly/fishROS_ws/build/my_package -- -j20 -l20
[0.649s] [ 50%] [32mBuilding CXX object CMakeFiles/my_node.dir/src/my_node.cpp.o[0m
[0.669s] [100%] [32m[1mLinking CXX executable my_node[0m
[0.702s] [100%] Built target my_node
[0.710s] Invoked command in '/home/ubuntu/.2023WaterCode.readonly/fishROS_ws/build/my_package' returned '0': CMAKE_PREFIX_PATH=/opt/ros/humble /usr/bin/cmake --build /home/ubuntu/.2023WaterCode.readonly/fishROS_ws/build/my_package -- -j20 -l20
[0.728s] Invoking command in '/home/ubuntu/.2023WaterCode.readonly/fishROS_ws/build/my_package': CMAKE_PREFIX_PATH=/opt/ros/humble /usr/bin/cmake --install /home/ubuntu/.2023WaterCode.readonly/fishROS_ws/build/my_package
[0.734s] -- Install configuration: ""
[0.734s] -- Installing: /home/ubuntu/.2023WaterCode.readonly/fishROS_ws/install/my_package/lib/my_package/my_node
[0.734s] -- Installing: /home/ubuntu/.2023WaterCode.readonly/fishROS_ws/install/my_package/share/ament_index/resource_index/package_run_dependencies/my_package
[0.735s] -- Installing: /home/ubuntu/.2023WaterCode.readonly/fishROS_ws/install/my_package/share/ament_index/resource_index/parent_prefix_path/my_package
[0.735s] -- Installing: /home/ubuntu/.2023WaterCode.readonly/fishROS_ws/install/my_package/share/my_package/environment/ament_prefix_path.sh
[0.735s] -- Installing: /home/ubuntu/.2023WaterCode.readonly/fishROS_ws/install/my_package/share/my_package/environment/ament_prefix_path.dsv
[0.735s] -- Installing: /home/ubuntu/.2023WaterCode.readonly/fishROS_ws/install/my_package/share/my_package/environment/path.sh
[0.735s] -- Installing: /home/ubuntu/.2023WaterCode.readonly/fishROS_ws/install/my_package/share/my_package/environment/path.dsv
[0.735s] -- Installing: /home/ubuntu/.2023WaterCode.readonly/fishROS_ws/install/my_package/share/my_package/local_setup.bash
[0.735s] -- Installing: /home/ubuntu/.2023WaterCode.readonly/fishROS_ws/install/my_package/share/my_package/local_setup.sh
[0.735s] -- Installing: /home/ubuntu/.2023WaterCode.readonly/fishROS_ws/install/my_package/share/my_package/local_setup.zsh
[0.735s] -- Installing: /home/ubuntu/.2023WaterCode.readonly/fishROS_ws/install/my_package/share/my_package/local_setup.dsv
[0.736s] -- Installing: /home/ubuntu/.2023WaterCode.readonly/fishROS_ws/install/my_package/share/my_package/package.dsv
[0.736s] -- Installing: /home/ubuntu/.2023WaterCode.readonly/fishROS_ws/install/my_package/share/ament_index/resource_index/packages/my_package
[0.736s] -- Installing: /home/ubuntu/.2023WaterCode.readonly/fishROS_ws/install/my_package/share/my_package/cmake/my_packageConfig.cmake
[0.736s] -- Installing: /home/ubuntu/.2023WaterCode.readonly/fishROS_ws/install/my_package/share/my_package/cmake/my_packageConfig-version.cmake
[0.736s] -- Installing: /home/ubuntu/.2023WaterCode.readonly/fishROS_ws/install/my_package/share/my_package/package.xml
[0.740s] Invoked command in '/home/ubuntu/.2023WaterCode.readonly/fishROS_ws/build/my_package' returned '0': CMAKE_PREFIX_PATH=/opt/ros/humble /usr/bin/cmake --install /home/ubuntu/.2023WaterCode.readonly/fishROS_ws/build/my_package
