[18.581s] Invoking command in '/home/ubuntu/.2023WaterCode.readonly/fishROS_ws/build/examples_rclpy_guard_conditions': PYTHONPATH=/home/ubuntu/.2023WaterCode.readonly/fishROS_ws/build/examples_rclpy_guard_conditions/prefix_override:/home/ubuntu/.2023WaterCode.readonly/fishROS_ws/install/examples_rclpy_guard_conditions/lib/python3.10/site-packages: /usr/bin/python3 setup.py develop --uninstall --editable --build-directory /home/ubuntu/.2023WaterCode.readonly/fishROS_ws/build/examples_rclpy_guard_conditions/build
[22.144s] running develop
[22.957s] Invoked command in '/home/ubuntu/.2023WaterCode.readonly/fishROS_ws/build/examples_rclpy_guard_conditions' returned '0': PYTHONPATH=/home/ubuntu/.2023WaterCode.readonly/fishROS_ws/build/examples_rclpy_guard_conditions/prefix_override:/home/ubuntu/.2023WaterCode.readonly/fishROS_ws/install/examples_rclpy_guard_conditions/lib/python3.10/site-packages: /usr/bin/python3 setup.py develop --uninstall --editable --build-directory /home/ubuntu/.2023WaterCode.readonly/fishROS_ws/build/examples_rclpy_guard_conditions/build
[22.959s] Invoking command in '/home/ubuntu/.2023WaterCode.readonly/fishROS_ws/src/examples/rclpy/guard_conditions': PYTHONPATH=/home/ubuntu/.2023WaterCode.readonly/fishROS_ws/build/examples_rclpy_guard_conditions/prefix_override:/home/ubuntu/.2023WaterCode.readonly/fishROS_ws/install/examples_rclpy_guard_conditions/lib/python3.10/site-packages: /usr/bin/python3 setup.py egg_info --egg-base ../../../../build/examples_rclpy_guard_conditions build --build-base /home/ubuntu/.2023WaterCode.readonly/fishROS_ws/build/examples_rclpy_guard_conditions/build install --record /home/ubuntu/.2023WaterCode.readonly/fishROS_ws/build/examples_rclpy_guard_conditions/install.log --single-version-externally-managed
[79.637s] running egg_info
[79.637s] writing ../../../../build/examples_rclpy_guard_conditions/examples_rclpy_guard_conditions.egg-info/PKG-INFO
[79.638s] writing dependency_links to ../../../../build/examples_rclpy_guard_conditions/examples_rclpy_guard_conditions.egg-info/dependency_links.txt
[79.638s] writing entry points to ../../../../build/examples_rclpy_guard_conditions/examples_rclpy_guard_conditions.egg-info/entry_points.txt
[79.638s] writing requirements to ../../../../build/examples_rclpy_guard_conditions/examples_rclpy_guard_conditions.egg-info/requires.txt
[79.638s] writing top-level names to ../../../../build/examples_rclpy_guard_conditions/examples_rclpy_guard_conditions.egg-info/top_level.txt
[79.638s] reading manifest file '../../../../build/examples_rclpy_guard_conditions/examples_rclpy_guard_conditions.egg-info/SOURCES.txt'
[79.638s] writing manifest file '../../../../build/examples_rclpy_guard_conditions/examples_rclpy_guard_conditions.egg-info/SOURCES.txt'
[79.639s] running build
[79.639s] running build_py
[79.639s] creating /home/ubuntu/.2023WaterCode.readonly/fishROS_ws/build/examples_rclpy_guard_conditions/build
[79.639s] creating /home/ubuntu/.2023WaterCode.readonly/fishROS_ws/build/examples_rclpy_guard_conditions/build/lib
[79.639s] creating /home/ubuntu/.2023WaterCode.readonly/fishROS_ws/build/examples_rclpy_guard_conditions/build/lib/examples_rclpy_guard_conditions
[79.639s] copying examples_rclpy_guard_conditions/trigger_guard_condition.py -> /home/ubuntu/.2023WaterCode.readonly/fishROS_ws/build/examples_rclpy_guard_conditions/build/lib/examples_rclpy_guard_conditions
[79.640s] copying examples_rclpy_guard_conditions/__init__.py -> /home/ubuntu/.2023WaterCode.readonly/fishROS_ws/build/examples_rclpy_guard_conditions/build/lib/examples_rclpy_guard_conditions
[79.640s] running install
[79.640s] running install_lib
[79.640s] creating /home/ubuntu/.2023WaterCode.readonly/fishROS_ws/install/examples_rclpy_guard_conditions/lib/python3.10/site-packages/examples_rclpy_guard_conditions
[79.640s] copying /home/ubuntu/.2023WaterCode.readonly/fishROS_ws/build/examples_rclpy_guard_conditions/build/lib/examples_rclpy_guard_conditions/trigger_guard_condition.py -> /home/ubuntu/.2023WaterCode.readonly/fishROS_ws/install/examples_rclpy_guard_conditions/lib/python3.10/site-packages/examples_rclpy_guard_conditions
[79.640s] copying /home/ubuntu/.2023WaterCode.readonly/fishROS_ws/build/examples_rclpy_guard_conditions/build/lib/examples_rclpy_guard_conditions/__init__.py -> /home/ubuntu/.2023WaterCode.readonly/fishROS_ws/install/examples_rclpy_guard_conditions/lib/python3.10/site-packages/examples_rclpy_guard_conditions
[79.641s] byte-compiling /home/ubuntu/.2023WaterCode.readonly/fishROS_ws/install/examples_rclpy_guard_conditions/lib/python3.10/site-packages/examples_rclpy_guard_conditions/trigger_guard_condition.py to trigger_guard_condition.cpython-310.pyc
[79.641s] byte-compiling /home/ubuntu/.2023WaterCode.readonly/fishROS_ws/install/examples_rclpy_guard_conditions/lib/python3.10/site-packages/examples_rclpy_guard_conditions/__init__.py to __init__.cpython-310.pyc
[79.641s] running install_data
[79.641s] running install_egg_info
[79.641s] Copying ../../../../build/examples_rclpy_guard_conditions/examples_rclpy_guard_conditions.egg-info to /home/ubuntu/.2023WaterCode.readonly/fishROS_ws/install/examples_rclpy_guard_conditions/lib/python3.10/site-packages/examples_rclpy_guard_conditions-0.15.1-py3.10.egg-info
[79.641s] running install_scripts
[79.641s] Installing trigger_guard_condition script to /home/ubuntu/.2023WaterCode.readonly/fishROS_ws/install/examples_rclpy_guard_conditions/lib/examples_rclpy_guard_conditions
[79.642s] writing list of installed files to '/home/ubuntu/.2023WaterCode.readonly/fishROS_ws/build/examples_rclpy_guard_conditions/install.log'
[79.666s] Invoked command in '/home/ubuntu/.2023WaterCode.readonly/fishROS_ws/src/examples/rclpy/guard_conditions' returned '0': PYTHONPATH=/home/ubuntu/.2023WaterCode.readonly/fishROS_ws/build/examples_rclpy_guard_conditions/prefix_override:/home/ubuntu/.2023WaterCode.readonly/fishROS_ws/install/examples_rclpy_guard_conditions/lib/python3.10/site-packages: /usr/bin/python3 setup.py egg_info --egg-base ../../../../build/examples_rclpy_guard_conditions build --build-base /home/ubuntu/.2023WaterCode.readonly/fishROS_ws/build/examples_rclpy_guard_conditions/build install --record /home/ubuntu/.2023WaterCode.readonly/fishROS_ws/build/examples_rclpy_guard_conditions/install.log --single-version-externally-managed
